[     173ms] [LOG] [Fast Refresh] rebuilding @ http://localhost:3001/_next/static/chunks/db5fa_next_dist_26dfd560._.js:2297
[    9310ms] [LOG] [Fast Refresh] done in 9245ms @ http://localhost:3001/_next/static/chunks/db5fa_next_dist_26dfd560._.js:2297
[   11161ms] [INFO] %cDownload the React DevTools for a better development experience: https://react.dev/link/react-devtools font-weight:bold @ http://localhost:3001/_next/static/chunks/db5fa_next_dist_26dfd560._.js:2297
[   11654ms] [LOG] [HMR] connected @ http://localhost:3001/_next/static/chunks/db5fa_next_dist_26dfd560._.js:2297
[   11859ms] [LOG] [Fast Refresh] rebuilding @ http://localhost:3001/_next/static/chunks/db5fa_next_dist_26dfd560._.js:2297
[   11864ms] [LOG] [Fast Refresh] done in 152ms @ http://localhost:3001/_next/static/chunks/db5fa_next_dist_26dfd560._.js:2297
[   12074ms] [LOG] [Fast Refresh] rebuilding @ http://localhost:3001/_next/static/chunks/db5fa_next_dist_26dfd560._.js:2297
[   12300ms] [ERROR] Failed to load resource: the server responded with a status of 403 () @ https://rjvmygudsemlnkpfdfzd.supabase.co/rest/v1/treatments?select=*%2Ctreatment_products%28*%2Cproducts%28trade_name%2Cunit%29%29%2Ctreatment_detail_products%28*%29&order=planned_date.desc&status=eq.completed:0
[   12325ms] [WARNING] [fetchTreatments] {code: 42501, details: null, hint: null, message: permission denied for table treatment_detail_products} @ http://localhost:3001/_next/static/chunks/db5fa_next_dist_26dfd560._.js:2297
[   12551ms] [ERROR] Failed to load resource: the server responded with a status of 403 () @ https://rjvmygudsemlnkpfdfzd.supabase.co/rest/v1/treatments?select=*%2Ctreatment_products%28*%2Cproducts%28trade_name%2Cunit%29%29%2Ctreatment_detail_products%28*%29&order=planned_date.desc:0
[   12552ms] [ERROR] Failed to load resource: the server responded with a status of 403 () @ https://rjvmygudsemlnkpfdfzd.supabase.co/rest/v1/treatments?select=*%2Ctreatment_products%28*%2Cproducts%28trade_name%2Cunit%29%29%2Ctreatment_detail_products%28*%29&order=planned_date.desc&status=eq.in_progress:0
[   12571ms] [ERROR] Failed to load resource: the server responded with a status of 403 () @ https://rjvmygudsemlnkpfdfzd.supabase.co/rest/v1/treatments?select=*%2Ctreatment_products%28*%2Cproducts%28trade_name%2Cunit%29%29%2Ctreatment_detail_products%28*%29&order=planned_date.desc&status=eq.completed:0
[   12619ms] [WARNING] [fetchTreatments] {code: 42501, details: null, hint: null, message: permission denied for table treatment_detail_products} @ http://localhost:3001/_next/static/chunks/db5fa_next_dist_26dfd560._.js:2297
[   12620ms] [WARNING] [fetchTreatments] {code: 42501, details: null, hint: null, message: permission denied for table treatment_detail_products} @ http://localhost:3001/_next/static/chunks/db5fa_next_dist_26dfd560._.js:2297
[   12688ms] [WARNING] [fetchTreatments] {code: 42501, details: null, hint: null, message: permission denied for table treatment_detail_products} @ http://localhost:3001/_next/static/chunks/db5fa_next_dist_26dfd560._.js:2297
[   12689ms] [ERROR] Failed to load resource: the server responded with a status of 403 () @ https://rjvmygudsemlnkpfdfzd.supabase.co/rest/v1/treatments?select=*%2Ctreatment_products%28*%2Cproducts%28trade_name%2Cunit%29%29%2Ctreatment_detail_products%28*%29&order=planned_date.desc&status=eq.in_progress:0
[   12690ms] [ERROR] Failed to load resource: the server responded with a status of 403 () @ https://rjvmygudsemlnkpfdfzd.supabase.co/rest/v1/treatments?select=*%2Ctreatment_products%28*%2Cproducts%28trade_name%2Cunit%29%29%2Ctreatment_detail_products%28*%29&order=planned_date.desc:0
[   12810ms] [WARNING] [fetchTreatments] {code: 42501, details: null, hint: null, message: permission denied for table treatment_detail_products} @ http://localhost:3001/_next/static/chunks/db5fa_next_dist_26dfd560._.js:2297
[   12810ms] [WARNING] [fetchTreatments] {code: 42501, details: null, hint: null, message: permission denied for table treatment_detail_products} @ http://localhost:3001/_next/static/chunks/db5fa_next_dist_26dfd560._.js:2297
[   14104ms] [LOG] [Fast Refresh] done in 2156ms @ http://localhost:3001/_next/static/chunks/db5fa_next_dist_26dfd560._.js:2297
[   17925ms] [LOG] [Fast Refresh] rebuilding @ http://localhost:3001/_next/static/chunks/db5fa_next_dist_26dfd560._.js:2297
[   18631ms] [LOG] [Fast Refresh] done in 811ms @ http://localhost:3001/_next/static/chunks/db5fa_next_dist_26dfd560._.js:2297
