[     418ms] [INFO] %cDownload the React DevTools for a better development experience: https://react.dev/link/react-devtools font-weight:bold @ http://localhost:3001/_next/static/chunks/c2a0a_next_dist_28e8fb8c._.js:2297
[     555ms] [WARNING] %c%s%c ⚠ Unsupported metadata themeColor is configured in metadata export in /login. Please move it to viewport export instead.
Read more: https://nextjs.org/docs/app/api-reference/functions/generate-viewport background: #e6e6e6;background: light-dark(rgba(0,0,0,0.1), rgba(255,255,255,0.25));color: #000000;color: light-dark(#000000, #ffffff);border-radius: 2px  Server   @ http://localhost:3001/_next/static/chunks/c2a0a_next_dist_28e8fb8c._.js:2297
[     608ms] [LOG] [HMR] connected @ http://localhost:3001/_next/static/chunks/c2a0a_next_dist_28e8fb8c._.js:2297
[    1200ms] [ERROR] Failed to load resource: the server responded with a status of 404 (Not Found) @ http://localhost:3001/icon-192.png:0
[    1231ms] [WARNING] Error while trying to use the following icon from the Manifest: http://localhost:3001/icon-192.png (Download error or resource isn't a valid image) @ http://localhost:3001/login:0
[   12885ms] [LOG] [Fast Refresh] rebuilding @ http://localhost:3001/_next/static/chunks/c2a0a_next_dist_28e8fb8c._.js:2297
[   13038ms] [LOG] [Fast Refresh] done in 267ms @ http://localhost:3001/_next/static/chunks/c2a0a_next_dist_28e8fb8c._.js:2297
[   18355ms] [WARNING] %c%s%c ⚠ Unsupported metadata themeColor is configured in metadata export in /dashboard. Please move it to viewport export instead.
Read more: https://nextjs.org/docs/app/api-reference/functions/generate-viewport background: #e6e6e6;background: light-dark(rgba(0,0,0,0.1), rgba(255,255,255,0.25));color: #000000;color: light-dark(#000000, #ffffff);border-radius: 2px  Server   @ http://localhost:3001/_next/static/chunks/c2a0a_next_dist_28e8fb8c._.js:2297
[   18467ms] [WARNING] %c%s%c ⚠ Unsupported metadata themeColor is configured in metadata export in /dashboard. Please move it to viewport export instead.
Read more: https://nextjs.org/docs/app/api-reference/functions/generate-viewport background: #e6e6e6;background: light-dark(rgba(0,0,0,0.1), rgba(255,255,255,0.25));color: #000000;color: light-dark(#000000, #ffffff);border-radius: 2px  Server   @ http://localhost:3001/_next/static/chunks/c2a0a_next_dist_28e8fb8c._.js:2297
[   18673ms] [ERROR] Failed to load resource: the server responded with a status of 404 (Not Found) @ http://localhost:3001/icon-192.png:0
[   18685ms] [WARNING] Error while trying to use the following icon from the Manifest: http://localhost:3001/icon-192.png (Download error or resource isn't a valid image) @ http://localhost:3001/dashboard:0
[   19386ms] [LOG] [Fast Refresh] rebuilding @ http://localhost:3001/_next/static/chunks/c2a0a_next_dist_28e8fb8c._.js:2297
[   19492ms] [ERROR] Failed to load resource: the server responded with a status of 400 () @ https://rjvmygudsemlnkpfdfzd.supabase.co/rest/v1/treatments?select=id&status=eq.pending_approval:0
[   19544ms] [ERROR] Failed to load resource: the server responded with a status of 400 () @ https://rjvmygudsemlnkpfdfzd.supabase.co/rest/v1/treatments?select=id&status=eq.pending_approval:0
[   19544ms] [ERROR] Failed to load resource: the server responded with a status of 400 () @ https://rjvmygudsemlnkpfdfzd.supabase.co/rest/v1/stock_levels?select=current_quantity%2Cavg_unit_price_dzd%2Ctotal_value_dzd:0
[   19571ms] [LOG] [Fast Refresh] done in 297ms @ http://localhost:3001/_next/static/chunks/c2a0a_next_dist_28e8fb8c._.js:2297
[   19615ms] [ERROR] Failed to load resource: the server responded with a status of 400 () @ https://rjvmygudsemlnkpfdfzd.supabase.co/rest/v1/stock_levels?select=current_quantity%2Cavg_unit_price_dzd%2Ctotal_value_dzd:0
[   24867ms] [LOG] [Fast Refresh] rebuilding @ http://localhost:3001/_next/static/chunks/c2a0a_next_dist_28e8fb8c._.js:2297
[   25013ms] [LOG] [Fast Refresh] done in 247ms @ http://localhost:3001/_next/static/chunks/c2a0a_next_dist_28e8fb8c._.js:2297
[   66485ms] [LOG] [Fast Refresh] rebuilding @ http://localhost:3001/_next/static/chunks/c2a0a_next_dist_28e8fb8c._.js:2297
[   66498ms] [LOG] [Fast Refresh] done in 115ms @ http://localhost:3001/_next/static/chunks/c2a0a_next_dist_28e8fb8c._.js:2297
[   79464ms] [ERROR] Failed to load resource: the server responded with a status of 400 () @ https://rjvmygudsemlnkpfdfzd.supabase.co/rest/v1/stock_levels?select=current_quantity%2Cavg_unit_price_dzd%2Ctotal_value_dzd:0
[   79478ms] [ERROR] Failed to load resource: the server responded with a status of 400 () @ https://rjvmygudsemlnkpfdfzd.supabase.co/rest/v1/treatments?select=id&status=eq.pending_approval:0
[  139631ms] [ERROR] Failed to load resource: the server responded with a status of 400 () @ https://rjvmygudsemlnkpfdfzd.supabase.co/rest/v1/stock_levels?select=current_quantity%2Cavg_unit_price_dzd%2Ctotal_value_dzd:0
[  139633ms] [ERROR] Failed to load resource: the server responded with a status of 400 () @ https://rjvmygudsemlnkpfdfzd.supabase.co/rest/v1/treatments?select=id&status=eq.pending_approval:0
[  156702ms] [LOG] [Fast Refresh] rebuilding @ http://localhost:3001/_next/static/chunks/c2a0a_next_dist_28e8fb8c._.js:2297
[  157039ms] [ERROR] %o

%s ReferenceError: collectParcelleIds is not defined
    at summarizeParcelleStock (http://localhost:3001/_next/static/chunks/src_c4b0f859._.js?id=%255Bproject%255D%252Fsrc%252Flib%252Fparcelle-stock.ts+%255Bapp-client%255D+%2528ecmascript%2529:37:17)
    at http://localhost:3001/_next/static/chunks/src_c4b0f859._.js:6878:190
    at Array.map (<anonymous>)
    at DashboardParcelleCards (http://localhost:3001/_next/static/chunks/src_c4b0f859._.js:6876:28)
    at Object.react_stack_bottom_frame (http://localhost:3001/_next/static/chunks/c2a0a_next_dist_compiled_react-dom_3882bb77._.js:14826:24)
    at renderWithHooks (http://localhost:3001/_next/static/chunks/c2a0a_next_dist_compiled_react-dom_3882bb77._.js:4651:24)
    at updateFunctionComponent (http://localhost:3001/_next/static/chunks/c2a0a_next_dist_compiled_react-dom_3882bb77._.js:6112:21)
    at beginWork (http://localhost:3001/_next/static/chunks/c2a0a_next_dist_compiled_react-dom_3882bb77._.js:6708:24)
    at runWithFiberInDEV (http://localhost:3001/_next/static/chunks/c2a0a_next_dist_compiled_react-dom_3882bb77._.js:965:74)
    at performUnitOfWork (http://localhost:3001/_next/static/chunks/c2a0a_next_dist_compiled_react-dom_3882bb77._.js:9562:97)
    at workLoopSync (http://localhost:3001/_next/static/chunks/c2a0a_next_dist_compiled_react-dom_3882bb77._.js:9456:40)
    at renderRootSync (http://localhost:3001/_next/static/chunks/c2a0a_next_dist_compiled_react-dom_3882bb77._.js:9440:13)
    at performWorkOnRoot (http://localhost:3001/_next/static/chunks/c2a0a_next_dist_compiled_react-dom_3882bb77._.js:9105:47)
    at performSyncWorkOnRoot (http://localhost:3001/_next/static/chunks/c2a0a_next_dist_compiled_react-dom_3882bb77._.js:10238:9)
    at flushSyncWorkAcrossRoots_impl (http://localhost:3001/_next/static/chunks/c2a0a_next_dist_compiled_react-dom_3882bb77._.js:10154:316)
    at flushSyncWork$1 (http://localhost:3001/_next/static/chunks/c2a0a_next_dist_compiled_react-dom_3882bb77._.js:9237:86)
    at Object.scheduleRefresh (http://localhost:3001/_next/static/chunks/c2a0a_next_dist_compiled_react-dom_3882bb77._.js:299:13)
    at http://localhost:3001/_next/static/chunks/c2a0a_next_dist_compiled_8588f287._.js:391:33
    at Set.forEach (<anonymous>)
    at Object.performReactRefresh (http://localhost:3001/_next/static/chunks/c2a0a_next_dist_compiled_8588f287._.js:384:38)
    at applyUpdate (http://localhost:3001/_next/static/chunks/c2a0a_next_dist_compiled_8588f287._.js:878:31)
    at http://localhost:3001/_next/static/chunks/c2a0a_next_dist_compiled_8588f287._.js:886:13 The above error occurred in the <DashboardParcelleCards> component. It was handled by the <ErrorBoundary> error boundary. @ http://localhost:3001/_next/static/chunks/c2a0a_next_dist_client_582c631e._.js:1342
[  157078ms] [LOG] [Fast Refresh] done in 413ms @ http://localhost:3001/_next/static/chunks/c2a0a_next_dist_28e8fb8c._.js:2297
[  157237ms] [LOG] [Fast Refresh] rebuilding @ http://localhost:3001/_next/static/chunks/c2a0a_next_dist_28e8fb8c._.js:2297
[  157303ms] [LOG] [Fast Refresh] done in 167ms @ http://localhost:3001/_next/static/chunks/c2a0a_next_dist_28e8fb8c._.js:2297
[  164313ms] [LOG] [Fast Refresh] rebuilding @ http://localhost:3001/_next/static/chunks/c2a0a_next_dist_28e8fb8c._.js:2297
[  164618ms] [LOG] [Fast Refresh] done in 381ms @ http://localhost:3001/_next/static/chunks/c2a0a_next_dist_28e8fb8c._.js:2297
[  164760ms] [ERROR] Failed to load resource: the server responded with a status of 400 () @ https://rjvmygudsemlnkpfdfzd.supabase.co/rest/v1/stock_levels?select=current_quantity%2Cavg_unit_price_dzd%2Ctotal_value_dzd:0
[  164761ms] [ERROR] Failed to load resource: the server responded with a status of 400 () @ https://rjvmygudsemlnkpfdfzd.supabase.co/rest/v1/treatments?select=id&status=eq.pending_approval:0
