[     247ms] [INFO] %cDownload the React DevTools for a better development experience: https://react.dev/link/react-devtools font-weight:bold @ http://localhost:3001/_next/static/chunks/c2a0a_next_dist_28e8fb8c._.js:2297
[     271ms] [WARNING] %c%s%c ⚠ Unsupported metadata themeColor is configured in metadata export in /dashboard. Please move it to viewport export instead.
Read more: https://nextjs.org/docs/app/api-reference/functions/generate-viewport background: #e6e6e6;background: light-dark(rgba(0,0,0,0.1), rgba(255,255,255,0.25));color: #000000;color: light-dark(#000000, #ffffff);border-radius: 2px  Server   @ http://localhost:3001/_next/static/chunks/c2a0a_next_dist_28e8fb8c._.js:2297
[     297ms] [LOG] [HMR] connected @ http://localhost:3001/_next/static/chunks/c2a0a_next_dist_28e8fb8c._.js:2297
[     599ms] [ERROR] Failed to load resource: the server responded with a status of 404 (Not Found) @ http://localhost:3001/icon-192.png:0
[     608ms] [WARNING] Error while trying to use the following icon from the Manifest: http://localhost:3001/icon-192.png (Download error or resource isn't a valid image) @ http://localhost:3001/dashboard:0
[     914ms] [ERROR] Failed to load resource: the server responded with a status of 400 () @ https://rjvmygudsemlnkpfdfzd.supabase.co/rest/v1/stock_levels?select=current_quantity%2Cavg_unit_price_dzd%2Ctotal_value_dzd:0
[     937ms] [ERROR] Failed to load resource: the server responded with a status of 400 () @ https://rjvmygudsemlnkpfdfzd.supabase.co/rest/v1/treatments?select=id&status=eq.pending_approval:0
[     939ms] [ERROR] Failed to load resource: the server responded with a status of 400 () @ https://rjvmygudsemlnkpfdfzd.supabase.co/rest/v1/treatments?select=id&status=eq.pending_approval:0
[    1048ms] [ERROR] Failed to load resource: the server responded with a status of 400 () @ https://rjvmygudsemlnkpfdfzd.supabase.co/rest/v1/stock_levels?select=current_quantity%2Cavg_unit_price_dzd%2Ctotal_value_dzd:0
[   47033ms] [ERROR] Failed to load resource: the server responded with a status of 403 (Forbidden) @ http://localhost:3001/api/v1/parcelles/p-001-a/historique:0
[   47890ms] [LOG] [Fast Refresh] rebuilding @ http://localhost:3001/_next/static/chunks/c2a0a_next_dist_28e8fb8c._.js:2297
[   48021ms] [LOG] [Fast Refresh] done in 233ms @ http://localhost:3001/_next/static/chunks/c2a0a_next_dist_28e8fb8c._.js:2297
[   60958ms] [ERROR] Failed to load resource: the server responded with a status of 400 () @ https://rjvmygudsemlnkpfdfzd.supabase.co/rest/v1/treatments?select=id&status=eq.pending_approval:0
[   60963ms] [ERROR] Failed to load resource: the server responded with a status of 400 () @ https://rjvmygudsemlnkpfdfzd.supabase.co/rest/v1/stock_levels?select=current_quantity%2Cavg_unit_price_dzd%2Ctotal_value_dzd:0
[   93806ms] [LOG] [Fast Refresh] rebuilding @ http://localhost:3001/_next/static/chunks/c2a0a_next_dist_28e8fb8c._.js:2297
[   94234ms] [LOG] [Fast Refresh] done in 537ms @ http://localhost:3001/_next/static/chunks/c2a0a_next_dist_28e8fb8c._.js:2297
[  119303ms] [LOG] [Fast Refresh] rebuilding @ http://localhost:3001/_next/static/chunks/c2a0a_next_dist_28e8fb8c._.js:2297
[  119403ms] [LOG] [Fast Refresh] done in 210ms @ http://localhost:3001/_next/static/chunks/c2a0a_next_dist_28e8fb8c._.js:2297
[  120962ms] [ERROR] Failed to load resource: the server responded with a status of 400 () @ https://rjvmygudsemlnkpfdfzd.supabase.co/rest/v1/stock_levels?select=current_quantity%2Cavg_unit_price_dzd%2Ctotal_value_dzd:0
[  120971ms] [ERROR] Failed to load resource: the server responded with a status of 400 () @ https://rjvmygudsemlnkpfdfzd.supabase.co/rest/v1/treatments?select=id&status=eq.pending_approval:0
[  147582ms] [LOG] [Fast Refresh] rebuilding @ http://localhost:3001/_next/static/chunks/c2a0a_next_dist_28e8fb8c._.js:2297
[  173866ms] [LOG] [Fast Refresh] done in 26393ms @ http://localhost:3001/_next/static/chunks/c2a0a_next_dist_28e8fb8c._.js:2297
[  173978ms] [LOG] [Fast Refresh] rebuilding @ http://localhost:3001/_next/static/chunks/c2a0a_next_dist_28e8fb8c._.js:2297
[  174821ms] [LOG] [Fast Refresh] done in 954ms @ http://localhost:3001/_next/static/chunks/c2a0a_next_dist_28e8fb8c._.js:2297
[  177660ms] [LOG] [Fast Refresh] rebuilding @ http://localhost:3001/_next/static/chunks/c2a0a_next_dist_28e8fb8c._.js:2297
[  177716ms] [LOG] [Fast Refresh] done in 163ms @ http://localhost:3001/_next/static/chunks/c2a0a_next_dist_28e8fb8c._.js:2297
[  180953ms] [ERROR] Failed to load resource: the server responded with a status of 400 () @ https://rjvmygudsemlnkpfdfzd.supabase.co/rest/v1/treatments?select=id&status=eq.pending_approval:0
[  180963ms] [ERROR] Failed to load resource: the server responded with a status of 400 () @ https://rjvmygudsemlnkpfdfzd.supabase.co/rest/v1/stock_levels?select=current_quantity%2Cavg_unit_price_dzd%2Ctotal_value_dzd:0
