[     163ms] [ERROR] ./src/app/globals.css
Error evaluating Node.js code
CssSyntaxError: tailwindcss: C:\Users\User\Desktop\projet\lead farm final\src\app\globals.css:1:1: C:\Users\User\Desktop\projet\lead farm final\src\styles\soutenance.css:1771:1: Missing opening {
    [at Input.error (turbopack:///[project]/node_modules/postcss/lib/input.js:135:16)]
    [at Root.error (turbopack:///[project]/node_modules/postcss/lib/node.js:146:32)]
    [at Object.Once (C:\Users\User\Desktop\projet\lead farm final\node_modules\.pnpm\@tailwindcss+postcss@4.2.1\node_modules\@tailwindcss\postcss\dist\index.js:10:6913)]
    [at async LazyResult.runAsync (turbopack:///[project]/node_modules/postcss/lib/lazy-result.js:293:11)]
    [at async transform (turbopack:///[turbopack-node]/transforms/postcss.ts:70:34)]
    [at async run (turbopack:///[turbopack-node]/ipc/evaluate.ts:92:23)]

Import trace:
  Client Component Browser:
    ./src/app/globals.css [Client Component Browser]
    ./src/app/layout.tsx [Server Component] @ http://localhost:3001/_next/static/chunks/c2a0a_next_dist_28e8fb8c._.js:3127
[     273ms] [LOG] [Fast Refresh] rebuilding @ http://localhost:3001/_next/static/chunks/c2a0a_next_dist_28e8fb8c._.js:2297
[   10476ms] [ERROR] ./src/app/globals.css
Error evaluating Node.js code
CssSyntaxError: tailwindcss: C:\Users\User\Desktop\projet\lead farm final\src\app\globals.css:1:1: C:\Users\User\Desktop\projet\lead farm final\src\styles\soutenance.css:1771:1: Missing opening {
    [at Input.error (turbopack:///[project]/node_modules/postcss/lib/input.js:135:16)]
    [at Root.error (turbopack:///[project]/node_modules/postcss/lib/node.js:146:32)]
    [at Object.Once (C:\Users\User\Desktop\projet\lead farm final\node_modules\.pnpm\@tailwindcss+postcss@4.2.1\node_modules\@tailwindcss\postcss\dist\index.js:10:6913)]
    [at async LazyResult.runAsync (turbopack:///[project]/node_modules/postcss/lib/lazy-result.js:293:11)]
    [at async transform (turbopack:///[turbopack-node]/transforms/postcss.ts:70:34)]
    [at async run (turbopack:///[turbopack-node]/ipc/evaluate.ts:92:23)]

Import trace:
  Client Component Browser:
    ./src/app/globals.css [Client Component Browser]
    ./src/app/layout.tsx [Server Component] @ http://localhost:3001/_next/static/chunks/c2a0a_next_dist_28e8fb8c._.js:3127
[   10515ms] [ERROR] Failed to load resource: the server responded with a status of 500 (Internal Server Error) @ http://localhost:3001/dashboard:0
[   10937ms] [INFO] %cDownload the React DevTools for a better development experience: https://react.dev/link/react-devtools font-weight:bold @ http://localhost:3001/_next/static/chunks/5e54f_react-dom_4d21b075._.js:15305
[   11305ms] Error: ./src/app/globals.css
Error evaluating Node.js code
CssSyntaxError: tailwindcss: C:\Users\User\Desktop\projet\lead farm final\src\app\globals.css:1:1: C:\Users\User\Desktop\projet\lead farm final\src\styles\soutenance.css:1771:1: Missing opening {
    [at Input.error (turbopack:///[project]/node_modules/postcss/lib/input.js:135:16)]
    [at Root.error (turbopack:///[project]/node_modules/postcss/lib/node.js:146:32)]
    [at Object.Once (C:\Users\User\Desktop\projet\lead farm final\node_modules\.pnpm\@tailwindcss+postcss@4.2.1\node_modules\@tailwindcss\postcss\dist\index.js:10:6913)]
    [at async LazyResult.runAsync (turbopack:///[project]/node_modules/postcss/lib/lazy-result.js:293:11)]
    [at async transform (turbopack:///[turbopack-node]/transforms/postcss.ts:70:34)]
    [at async run (turbopack:///[turbopack-node]/ipc/evaluate.ts:92:23)]

Import trace:
  Client Component Browser:
    ./src/app/globals.css [Client Component Browser]
    ./src/app/layout.tsx [Server Component]


    at Object.getCompilationErrors (file://C:\Users\User\Desktop\projet\lead farm final\node_modules\.pnpm\next@16.1.7_@babel+core@7.2_5d0dd00aedb9d7f71867c73776efecdb\node_modules\next\dist\server\dev\hot-reloader-turbopack.js:1008:59)
    at DevBundlerService.getCompilationError (file://C:\Users\User\Desktop\projet\lead farm final\node_modules\.pnpm\next@16.1.7_@babel+core@7.2_5d0dd00aedb9d7f71867c73776efecdb\node_modules\next\dist\server\lib\dev-bundler-service.js:44:55)
    at DevServer.getCompilationError (file://C:\Users\User\Desktop\projet\lead farm final\node_modules\.pnpm\next@16.1.7_@babel+core@7.2_5d0dd00aedb9d7f71867c73776efecdb\node_modules\next\dist\server\dev\next-dev-server.js:706:42)
    at DevServer.findPageComponents (file://C:\Users\User\Desktop\projet\lead farm final\node_modules\.pnpm\next@16.1.7_@babel+core@7.2_5d0dd00aedb9d7f71867c73776efecdb\node_modules\next\dist\server\dev\next-dev-server.js:676:43)
    at async DevServer.renderErrorToResponseImpl (file://C:\Users\User\Desktop\projet\lead farm final\node_modules\.pnpm\next@16.1.7_@babel+core@7.2_5d0dd00aedb9d7f71867c73776efecdb\node_modules\next\dist\server\base-server.js:1719:26)
[   11254ms] [LOG] [HMR] connected @ http://localhost:3001/_next/static/chunks/c2a0a_next_dist_6144d1e2._.js:1206
[   11271ms] [ERROR] ./src/app/globals.css
Error evaluating Node.js code
CssSyntaxError: tailwindcss: C:\Users\User\Desktop\projet\lead farm final\src\app\globals.css:1:1: C:\Users\User\Desktop\projet\lead farm final\src\styles\soutenance.css:1771:1: Missing opening {
    [at Input.error (turbopack:///[project]/node_modules/postcss/lib/input.js:135:16)]
    [at Root.error (turbopack:///[project]/node_modules/postcss/lib/node.js:146:32)]
    [at Object.Once (C:\Users\User\Desktop\projet\lead farm final\node_modules\.pnpm\@tailwindcss+postcss@4.2.1\node_modules\@tailwindcss\postcss\dist\index.js:10:6913)]
    [at async LazyResult.runAsync (turbopack:///[project]/node_modules/postcss/lib/lazy-result.js:293:11)]
    [at async transform (turbopack:///[turbopack-node]/transforms/postcss.ts:70:34)]
    [at async run (turbopack:///[turbopack-node]/ipc/evaluate.ts:92:23)]

Import trace:
  Client Component Browser:
    ./src/app/globals.css [Client Component Browser]
    ./src/app/layout.tsx [Server Component] @ http://localhost:3001/_next/static/chunks/c2a0a_next_dist_6144d1e2._.js:1920
[   11272ms] [ERROR] ./src/app/globals.css
Error evaluating Node.js code
CssSyntaxError: tailwindcss: C:\Users\User\Desktop\projet\lead farm final\src\app\globals.css:1:1: C:\Users\User\Desktop\projet\lead farm final\src\styles\soutenance.css:1771:1: Missing opening {
    [at Input.error (turbopack:///[project]/node_modules/postcss/lib/input.js:135:16)]
    [at Root.error (turbopack:///[project]/node_modules/postcss/lib/node.js:146:32)]
    [at Object.Once (C:\Users\User\Desktop\projet\lead farm final\node_modules\.pnpm\@tailwindcss+postcss@4.2.1\node_modules\@tailwindcss\postcss\dist\index.js:10:6913)]
    [at async LazyResult.runAsync (turbopack:///[project]/node_modules/postcss/lib/lazy-result.js:293:11)]
    [at async transform (turbopack:///[turbopack-node]/transforms/postcss.ts:70:34)]
    [at async run (turbopack:///[turbopack-node]/ipc/evaluate.ts:92:23)]

Import trace:
  Client Component Browser:
    ./src/app/globals.css [Client Component Browser]
    ./src/app/layout.tsx [Server Component] @ http://localhost:3001/_next/static/chunks/c2a0a_next_dist_6144d1e2._.js:1920
[   11272ms] [ERROR] ./src/app/globals.css
Error evaluating Node.js code
CssSyntaxError: tailwindcss: C:\Users\User\Desktop\projet\lead farm final\src\app\globals.css:1:1: C:\Users\User\Desktop\projet\lead farm final\src\styles\soutenance.css:1771:1: Missing opening {
    [at Input.error (turbopack:///[project]/node_modules/postcss/lib/input.js:135:16)]
    [at Root.error (turbopack:///[project]/node_modules/postcss/lib/node.js:146:32)]
    [at Object.Once (C:\Users\User\Desktop\projet\lead farm final\node_modules\.pnpm\@tailwindcss+postcss@4.2.1\node_modules\@tailwindcss\postcss\dist\index.js:10:6913)]
    [at async LazyResult.runAsync (turbopack:///[project]/node_modules/postcss/lib/lazy-result.js:293:11)]
    [at async transform (turbopack:///[turbopack-node]/transforms/postcss.ts:70:34)]
    [at async run (turbopack:///[turbopack-node]/ipc/evaluate.ts:92:23)]

Import trace:
  Client Component Browser:
    ./src/app/globals.css [Client Component Browser]
    ./src/app/layout.tsx [Server Component] @ http://localhost:3001/_next/static/chunks/c2a0a_next_dist_6144d1e2._.js:1920
[   11273ms] [ERROR] ./src/app/globals.css
Error evaluating Node.js code
CssSyntaxError: tailwindcss: C:\Users\User\Desktop\projet\lead farm final\src\app\globals.css:1:1: C:\Users\User\Desktop\projet\lead farm final\src\styles\soutenance.css:1771:1: Missing opening {
    [at Input.error (turbopack:///[project]/node_modules/postcss/lib/input.js:135:16)]
    [at Root.error (turbopack:///[project]/node_modules/postcss/lib/node.js:146:32)]
    [at Object.Once (C:\Users\User\Desktop\projet\lead farm final\node_modules\.pnpm\@tailwindcss+postcss@4.2.1\node_modules\@tailwindcss\postcss\dist\index.js:10:6913)]
    [at async LazyResult.runAsync (turbopack:///[project]/node_modules/postcss/lib/lazy-result.js:293:11)]
    [at async transform (turbopack:///[turbopack-node]/transforms/postcss.ts:70:34)]
    [at async run (turbopack:///[turbopack-node]/ipc/evaluate.ts:92:23)]

Import trace:
  Client Component Browser:
    ./src/app/globals.css [Client Component Browser]
    ./src/app/layout.tsx [Server Component] @ http://localhost:3001/_next/static/chunks/c2a0a_next_dist_6144d1e2._.js:1920
[   11273ms] [ERROR] ./src/app/globals.css
Error evaluating Node.js code
CssSyntaxError: tailwindcss: C:\Users\User\Desktop\projet\lead farm final\src\app\globals.css:1:1: C:\Users\User\Desktop\projet\lead farm final\src\styles\soutenance.css:1771:1: Missing opening {
    [at Input.error (turbopack:///[project]/node_modules/postcss/lib/input.js:135:16)]
    [at Root.error (turbopack:///[project]/node_modules/postcss/lib/node.js:146:32)]
    [at Object.Once (C:\Users\User\Desktop\projet\lead farm final\node_modules\.pnpm\@tailwindcss+postcss@4.2.1\node_modules\@tailwindcss\postcss\dist\index.js:10:6913)]
    [at async LazyResult.runAsync (turbopack:///[project]/node_modules/postcss/lib/lazy-result.js:293:11)]
    [at async transform (turbopack:///[turbopack-node]/transforms/postcss.ts:70:34)]
    [at async run (turbopack:///[turbopack-node]/ipc/evaluate.ts:92:23)]

Import trace:
  Client Component Browser:
    ./src/app/globals.css [Client Component Browser]
    ./src/app/layout.tsx [Server Component] @ http://localhost:3001/_next/static/chunks/c2a0a_next_dist_6144d1e2._.js:1920
[   11273ms] [ERROR] ./src/app/globals.css
Error evaluating Node.js code
CssSyntaxError: tailwindcss: C:\Users\User\Desktop\projet\lead farm final\src\app\globals.css:1:1: C:\Users\User\Desktop\projet\lead farm final\src\styles\soutenance.css:1771:1: Missing opening {
    [at Input.error (turbopack:///[project]/node_modules/postcss/lib/input.js:135:16)]
    [at Root.error (turbopack:///[project]/node_modules/postcss/lib/node.js:146:32)]
    [at Object.Once (C:\Users\User\Desktop\projet\lead farm final\node_modules\.pnpm\@tailwindcss+postcss@4.2.1\node_modules\@tailwindcss\postcss\dist\index.js:10:6913)]
    [at async LazyResult.runAsync (turbopack:///[project]/node_modules/postcss/lib/lazy-result.js:293:11)]
    [at async transform (turbopack:///[turbopack-node]/transforms/postcss.ts:70:34)]
    [at async run (turbopack:///[turbopack-node]/ipc/evaluate.ts:92:23)]

Import trace:
  Client Component Browser:
    ./src/app/globals.css [Client Component Browser]
    ./src/app/layout.tsx [Server Component] @ http://localhost:3001/_next/static/chunks/c2a0a_next_dist_6144d1e2._.js:1920
[   11273ms] [ERROR] ./src/app/globals.css
Error evaluating Node.js code
CssSyntaxError: tailwindcss: C:\Users\User\Desktop\projet\lead farm final\src\app\globals.css:1:1: C:\Users\User\Desktop\projet\lead farm final\src\styles\soutenance.css:1771:1: Missing opening {
    [at Input.error (turbopack:///[project]/node_modules/postcss/lib/input.js:135:16)]
    [at Root.error (turbopack:///[project]/node_modules/postcss/lib/node.js:146:32)]
    [at Object.Once (C:\Users\User\Desktop\projet\lead farm final\node_modules\.pnpm\@tailwindcss+postcss@4.2.1\node_modules\@tailwindcss\postcss\dist\index.js:10:6913)]
    [at async LazyResult.runAsync (turbopack:///[project]/node_modules/postcss/lib/lazy-result.js:293:11)]
    [at async transform (turbopack:///[turbopack-node]/transforms/postcss.ts:70:34)]
    [at async run (turbopack:///[turbopack-node]/ipc/evaluate.ts:92:23)]

Import trace:
  Client Component Browser:
    ./src/app/globals.css [Client Component Browser]
    ./src/app/layout.tsx [Server Component] @ http://localhost:3001/_next/static/chunks/c2a0a_next_dist_6144d1e2._.js:1920
[   11273ms] [ERROR] ./src/app/globals.css
Error evaluating Node.js code
CssSyntaxError: tailwindcss: C:\Users\User\Desktop\projet\lead farm final\src\app\globals.css:1:1: C:\Users\User\Desktop\projet\lead farm final\src\styles\soutenance.css:1771:1: Missing opening {
    [at Input.error (turbopack:///[project]/node_modules/postcss/lib/input.js:135:16)]
    [at Root.error (turbopack:///[project]/node_modules/postcss/lib/node.js:146:32)]
    [at Object.Once (C:\Users\User\Desktop\projet\lead farm final\node_modules\.pnpm\@tailwindcss+postcss@4.2.1\node_modules\@tailwindcss\postcss\dist\index.js:10:6913)]
    [at async LazyResult.runAsync (turbopack:///[project]/node_modules/postcss/lib/lazy-result.js:293:11)]
    [at async transform (turbopack:///[turbopack-node]/transforms/postcss.ts:70:34)]
    [at async run (turbopack:///[turbopack-node]/ipc/evaluate.ts:92:23)]

Import trace:
  Client Component Browser:
    ./src/app/globals.css [Client Component Browser]
    ./src/app/layout.tsx [Server Component] @ http://localhost:3001/_next/static/chunks/c2a0a_next_dist_6144d1e2._.js:1920
[   11273ms] [ERROR] ./src/app/globals.css
Error evaluating Node.js code
CssSyntaxError: tailwindcss: C:\Users\User\Desktop\projet\lead farm final\src\app\globals.css:1:1: C:\Users\User\Desktop\projet\lead farm final\src\styles\soutenance.css:1771:1: Missing opening {
    [at Input.error (turbopack:///[project]/node_modules/postcss/lib/input.js:135:16)]
    [at Root.error (turbopack:///[project]/node_modules/postcss/lib/node.js:146:32)]
    [at Object.Once (C:\Users\User\Desktop\projet\lead farm final\node_modules\.pnpm\@tailwindcss+postcss@4.2.1\node_modules\@tailwindcss\postcss\dist\index.js:10:6913)]
    [at async LazyResult.runAsync (turbopack:///[project]/node_modules/postcss/lib/lazy-result.js:293:11)]
    [at async transform (turbopack:///[turbopack-node]/transforms/postcss.ts:70:34)]
    [at async run (turbopack:///[turbopack-node]/ipc/evaluate.ts:92:23)]

Import trace:
  Client Component Browser:
    ./src/app/globals.css [Client Component Browser]
    ./src/app/layout.tsx [Server Component] @ http://localhost:3001/_next/static/chunks/c2a0a_next_dist_6144d1e2._.js:1920
[   11274ms] [ERROR] ./src/app/globals.css
Error evaluating Node.js code
CssSyntaxError: tailwindcss: C:\Users\User\Desktop\projet\lead farm final\src\app\globals.css:1:1: C:\Users\User\Desktop\projet\lead farm final\src\styles\soutenance.css:1771:1: Missing opening {
    [at Input.error (turbopack:///[project]/node_modules/postcss/lib/input.js:135:16)]
    [at Root.error (turbopack:///[project]/node_modules/postcss/lib/node.js:146:32)]
    [at Object.Once (C:\Users\User\Desktop\projet\lead farm final\node_modules\.pnpm\@tailwindcss+postcss@4.2.1\node_modules\@tailwindcss\postcss\dist\index.js:10:6913)]
    [at async LazyResult.runAsync (turbopack:///[project]/node_modules/postcss/lib/lazy-result.js:293:11)]
    [at async transform (turbopack:///[turbopack-node]/transforms/postcss.ts:70:34)]
    [at async run (turbopack:///[turbopack-node]/ipc/evaluate.ts:92:23)]

Import trace:
  Client Component Browser:
    ./src/app/globals.css [Client Component Browser]
    ./src/app/layout.tsx [Server Component] @ http://localhost:3001/_next/static/chunks/c2a0a_next_dist_6144d1e2._.js:1920
[   11274ms] [ERROR] ./src/app/globals.css
Error evaluating Node.js code
CssSyntaxError: tailwindcss: C:\Users\User\Desktop\projet\lead farm final\src\app\globals.css:1:1: C:\Users\User\Desktop\projet\lead farm final\src\styles\soutenance.css:1771:1: Missing opening {
    [at Input.error (turbopack:///[project]/node_modules/postcss/lib/input.js:135:16)]
    [at Root.error (turbopack:///[project]/node_modules/postcss/lib/node.js:146:32)]
    [at Object.Once (C:\Users\User\Desktop\projet\lead farm final\node_modules\.pnpm\@tailwindcss+postcss@4.2.1\node_modules\@tailwindcss\postcss\dist\index.js:10:6913)]
    [at async LazyResult.runAsync (turbopack:///[project]/node_modules/postcss/lib/lazy-result.js:293:11)]
    [at async transform (turbopack:///[turbopack-node]/transforms/postcss.ts:70:34)]
    [at async run (turbopack:///[turbopack-node]/ipc/evaluate.ts:92:23)]

Import trace:
  Client Component Browser:
    ./src/app/globals.css [Client Component Browser]
    ./src/app/layout.tsx [Server Component] @ http://localhost:3001/_next/static/chunks/c2a0a_next_dist_6144d1e2._.js:1920
[   11274ms] [ERROR] ./src/app/globals.css
Error evaluating Node.js code
CssSyntaxError: tailwindcss: C:\Users\User\Desktop\projet\lead farm final\src\app\globals.css:1:1: C:\Users\User\Desktop\projet\lead farm final\src\styles\soutenance.css:1771:1: Missing opening {
    [at Input.error (turbopack:///[project]/node_modules/postcss/lib/input.js:135:16)]
    [at Root.error (turbopack:///[project]/node_modules/postcss/lib/node.js:146:32)]
    [at Object.Once (C:\Users\User\Desktop\projet\lead farm final\node_modules\.pnpm\@tailwindcss+postcss@4.2.1\node_modules\@tailwindcss\postcss\dist\index.js:10:6913)]
    [at async LazyResult.runAsync (turbopack:///[project]/node_modules/postcss/lib/lazy-result.js:293:11)]
    [at async transform (turbopack:///[turbopack-node]/transforms/postcss.ts:70:34)]
    [at async run (turbopack:///[turbopack-node]/ipc/evaluate.ts:92:23)]

Import trace:
  Client Component Browser:
    ./src/app/globals.css [Client Component Browser]
    ./src/app/layout.tsx [Server Component] @ http://localhost:3001/_next/static/chunks/c2a0a_next_dist_6144d1e2._.js:1920
[   11274ms] [ERROR] ./src/app/globals.css
Error evaluating Node.js code
CssSyntaxError: tailwindcss: C:\Users\User\Desktop\projet\lead farm final\src\app\globals.css:1:1: C:\Users\User\Desktop\projet\lead farm final\src\styles\soutenance.css:1771:1: Missing opening {
    [at Input.error (turbopack:///[project]/node_modules/postcss/lib/input.js:135:16)]
    [at Root.error (turbopack:///[project]/node_modules/postcss/lib/node.js:146:32)]
    [at Object.Once (C:\Users\User\Desktop\projet\lead farm final\node_modules\.pnpm\@tailwindcss+postcss@4.2.1\node_modules\@tailwindcss\postcss\dist\index.js:10:6913)]
    [at async LazyResult.runAsync (turbopack:///[project]/node_modules/postcss/lib/lazy-result.js:293:11)]
    [at async transform (turbopack:///[turbopack-node]/transforms/postcss.ts:70:34)]
    [at async run (turbopack:///[turbopack-node]/ipc/evaluate.ts:92:23)]

Import trace:
  Client Component Browser:
    ./src/app/globals.css [Client Component Browser]
    ./src/app/layout.tsx [Server Component] @ http://localhost:3001/_next/static/chunks/c2a0a_next_dist_6144d1e2._.js:1920
[   11275ms] [ERROR] ./src/app/globals.css
Error evaluating Node.js code
CssSyntaxError: tailwindcss: C:\Users\User\Desktop\projet\lead farm final\src\app\globals.css:1:1: C:\Users\User\Desktop\projet\lead farm final\src\styles\soutenance.css:1771:1: Missing opening {
    [at Input.error (turbopack:///[project]/node_modules/postcss/lib/input.js:135:16)]
    [at Root.error (turbopack:///[project]/node_modules/postcss/lib/node.js:146:32)]
    [at Object.Once (C:\Users\User\Desktop\projet\lead farm final\node_modules\.pnpm\@tailwindcss+postcss@4.2.1\node_modules\@tailwindcss\postcss\dist\index.js:10:6913)]
    [at async LazyResult.runAsync (turbopack:///[project]/node_modules/postcss/lib/lazy-result.js:293:11)]
    [at async transform (turbopack:///[turbopack-node]/transforms/postcss.ts:70:34)]
    [at async run (turbopack:///[turbopack-node]/ipc/evaluate.ts:92:23)]

Import trace:
  Client Component Browser:
    ./src/app/globals.css [Client Component Browser]
    ./src/app/layout.tsx [Server Component] @ http://localhost:3001/_next/static/chunks/c2a0a_next_dist_6144d1e2._.js:1920
[   11275ms] [ERROR] ./src/app/globals.css
Error evaluating Node.js code
CssSyntaxError: tailwindcss: C:\Users\User\Desktop\projet\lead farm final\src\app\globals.css:1:1: C:\Users\User\Desktop\projet\lead farm final\src\styles\soutenance.css:1771:1: Missing opening {
    [at Input.error (turbopack:///[project]/node_modules/postcss/lib/input.js:135:16)]
    [at Root.error (turbopack:///[project]/node_modules/postcss/lib/node.js:146:32)]
    [at Object.Once (C:\Users\User\Desktop\projet\lead farm final\node_modules\.pnpm\@tailwindcss+postcss@4.2.1\node_modules\@tailwindcss\postcss\dist\index.js:10:6913)]
    [at async LazyResult.runAsync (turbopack:///[project]/node_modules/postcss/lib/lazy-result.js:293:11)]
    [at async transform (turbopack:///[turbopack-node]/transforms/postcss.ts:70:34)]
    [at async run (turbopack:///[turbopack-node]/ipc/evaluate.ts:92:23)]

Import trace:
  Client Component Browser:
    ./src/app/globals.css [Client Component Browser]
    ./src/app/layout.tsx [Server Component] @ http://localhost:3001/_next/static/chunks/c2a0a_next_dist_6144d1e2._.js:1920
[   11275ms] [ERROR] ./src/app/globals.css
Error evaluating Node.js code
CssSyntaxError: tailwindcss: C:\Users\User\Desktop\projet\lead farm final\src\app\globals.css:1:1: C:\Users\User\Desktop\projet\lead farm final\src\styles\soutenance.css:1771:1: Missing opening {
    [at Input.error (turbopack:///[project]/node_modules/postcss/lib/input.js:135:16)]
    [at Root.error (turbopack:///[project]/node_modules/postcss/lib/node.js:146:32)]
    [at Object.Once (C:\Users\User\Desktop\projet\lead farm final\node_modules\.pnpm\@tailwindcss+postcss@4.2.1\node_modules\@tailwindcss\postcss\dist\index.js:10:6913)]
    [at async LazyResult.runAsync (turbopack:///[project]/node_modules/postcss/lib/lazy-result.js:293:11)]
    [at async transform (turbopack:///[turbopack-node]/transforms/postcss.ts:70:34)]
    [at async run (turbopack:///[turbopack-node]/ipc/evaluate.ts:92:23)]

Import trace:
  Client Component Browser:
    ./src/app/globals.css [Client Component Browser]
    ./src/app/layout.tsx [Server Component] @ http://localhost:3001/_next/static/chunks/c2a0a_next_dist_6144d1e2._.js:1920
[   11275ms] [ERROR] ./src/app/globals.css
Error evaluating Node.js code
CssSyntaxError: tailwindcss: C:\Users\User\Desktop\projet\lead farm final\src\app\globals.css:1:1: C:\Users\User\Desktop\projet\lead farm final\src\styles\soutenance.css:1771:1: Missing opening {
    [at Input.error (turbopack:///[project]/node_modules/postcss/lib/input.js:135:16)]
    [at Root.error (turbopack:///[project]/node_modules/postcss/lib/node.js:146:32)]
    [at Object.Once (C:\Users\User\Desktop\projet\lead farm final\node_modules\.pnpm\@tailwindcss+postcss@4.2.1\node_modules\@tailwindcss\postcss\dist\index.js:10:6913)]
    [at async LazyResult.runAsync (turbopack:///[project]/node_modules/postcss/lib/lazy-result.js:293:11)]
    [at async transform (turbopack:///[turbopack-node]/transforms/postcss.ts:70:34)]
    [at async run (turbopack:///[turbopack-node]/ipc/evaluate.ts:92:23)]

Import trace:
  Client Component Browser:
    ./src/app/globals.css [Client Component Browser]
    ./src/app/layout.tsx [Server Component] @ http://localhost:3001/_next/static/chunks/c2a0a_next_dist_6144d1e2._.js:1920
[   11487ms] [LOG] [Fast Refresh] rebuilding @ http://localhost:3001/_next/static/chunks/c2a0a_next_dist_6144d1e2._.js:1206
[   11515ms] [ERROR] ./src/app/globals.css
Error evaluating Node.js code
CssSyntaxError: tailwindcss: C:\Users\User\Desktop\projet\lead farm final\src\app\globals.css:1:1: C:\Users\User\Desktop\projet\lead farm final\src\styles\soutenance.css:1771:1: Missing opening {
    [at Input.error (turbopack:///[project]/node_modules/postcss/lib/input.js:135:16)]
    [at Root.error (turbopack:///[project]/node_modules/postcss/lib/node.js:146:32)]
    [at Object.Once (C:\Users\User\Desktop\projet\lead farm final\node_modules\.pnpm\@tailwindcss+postcss@4.2.1\node_modules\@tailwindcss\postcss\dist\index.js:10:6913)]
    [at async LazyResult.runAsync (turbopack:///[project]/node_modules/postcss/lib/lazy-result.js:293:11)]
    [at async transform (turbopack:///[turbopack-node]/transforms/postcss.ts:70:34)]
    [at async run (turbopack:///[turbopack-node]/ipc/evaluate.ts:92:23)]

Import trace:
  Client Component Browser:
    ./src/app/globals.css [Client Component Browser]
    ./src/app/layout.tsx [Server Component] @ http://localhost:3001/_next/static/chunks/c2a0a_next_dist_6144d1e2._.js:1920
[   11649ms] [ERROR] ./src/app/globals.css
Error evaluating Node.js code
CssSyntaxError: tailwindcss: C:\Users\User\Desktop\projet\lead farm final\src\app\globals.css:1:1: C:\Users\User\Desktop\projet\lead farm final\src\styles\soutenance.css:1771:1: Missing opening {
    [at Input.error (turbopack:///[project]/node_modules/postcss/lib/input.js:135:16)]
    [at Root.error (turbopack:///[project]/node_modules/postcss/lib/node.js:146:32)]
    [at Object.Once (C:\Users\User\Desktop\projet\lead farm final\node_modules\.pnpm\@tailwindcss+postcss@4.2.1\node_modules\@tailwindcss\postcss\dist\index.js:10:6913)]
    [at async LazyResult.runAsync (turbopack:///[project]/node_modules/postcss/lib/lazy-result.js:293:11)]
    [at async transform (turbopack:///[turbopack-node]/transforms/postcss.ts:70:34)]
    [at async run (turbopack:///[turbopack-node]/ipc/evaluate.ts:92:23)]

Import trace:
  Client Component Browser:
    ./src/app/globals.css [Client Component Browser]
    ./src/app/layout.tsx [Server Component] @ http://localhost:3001/_next/static/chunks/c2a0a_next_dist_6144d1e2._.js:1920
[   11731ms] [LOG] [Fast Refresh] rebuilding @ http://localhost:3001/_next/static/chunks/c2a0a_next_dist_6144d1e2._.js:1206
[   56323ms] [ERROR] ./src/app/globals.css
Error evaluating Node.js code
CssSyntaxError: tailwindcss: C:\Users\User\Desktop\projet\lead farm final\src\app\globals.css:1:1: C:\Users\User\Desktop\projet\lead farm final\src\styles\soutenance.css:1771:1: Missing opening {
    [at Input.error (turbopack:///[project]/node_modules/postcss/lib/input.js:135:16)]
    [at Root.error (turbopack:///[project]/node_modules/postcss/lib/node.js:146:32)]
    [at Object.Once (C:\Users\User\Desktop\projet\lead farm final\node_modules\.pnpm\@tailwindcss+postcss@4.2.1\node_modules\@tailwindcss\postcss\dist\index.js:10:6913)]
    [at async LazyResult.runAsync (turbopack:///[project]/node_modules/postcss/lib/lazy-result.js:293:11)]
    [at async transform (turbopack:///[turbopack-node]/transforms/postcss.ts:70:34)]
    [at async run (turbopack:///[turbopack-node]/ipc/evaluate.ts:92:23)]

Import trace:
  Client Component Browser:
    ./src/app/globals.css [Client Component Browser]
    ./src/app/layout.tsx [Server Component] @ http://localhost:3001/_next/static/chunks/c2a0a_next_dist_6144d1e2._.js:1920
[   56377ms] [ERROR] ./src/app/globals.css
Error evaluating Node.js code
CssSyntaxError: tailwindcss: C:\Users\User\Desktop\projet\lead farm final\src\app\globals.css:1:1: C:\Users\User\Desktop\projet\lead farm final\src\styles\soutenance.css:1771:1: Missing opening {
    [at Input.error (turbopack:///[project]/node_modules/postcss/lib/input.js:135:16)]
    [at Root.error (turbopack:///[project]/node_modules/postcss/lib/node.js:146:32)]
    [at Object.Once (C:\Users\User\Desktop\projet\lead farm final\node_modules\.pnpm\@tailwindcss+postcss@4.2.1\node_modules\@tailwindcss\postcss\dist\index.js:10:6913)]
    [at async LazyResult.runAsync (turbopack:///[project]/node_modules/postcss/lib/lazy-result.js:293:11)]
    [at async transform (turbopack:///[turbopack-node]/transforms/postcss.ts:70:34)]
    [at async run (turbopack:///[turbopack-node]/ipc/evaluate.ts:92:23)]

Import trace:
  Client Component Browser:
    ./src/app/globals.css [Client Component Browser]
    ./src/app/layout.tsx [Server Component] @ http://localhost:3001/_next/static/chunks/c2a0a_next_dist_6144d1e2._.js:1920
[   56428ms] [LOG] [Fast Refresh] rebuilding @ http://localhost:3001/_next/static/chunks/c2a0a_next_dist_6144d1e2._.js:1206
