[     124ms] [LOG] [Fast Refresh] rebuilding @ http://localhost:3001/_next/static/chunks/c2a0a_next_dist_28e8fb8c._.js:2297
[     337ms] [LOG] [Fast Refresh] done in 317ms @ http://localhost:3001/_next/static/chunks/c2a0a_next_dist_28e8fb8c._.js:2297
[     567ms] [INFO] %cDownload the React DevTools for a better development experience: https://react.dev/link/react-devtools font-weight:bold @ http://localhost:3001/_next/static/chunks/c2a0a_next_dist_28e8fb8c._.js:2297
[     615ms] [WARNING] %c%s%c ⚠ Unsupported metadata themeColor is configured in metadata export in /stock. Please move it to viewport export instead.
Read more: https://nextjs.org/docs/app/api-reference/functions/generate-viewport background: #e6e6e6;background: light-dark(rgba(0,0,0,0.1), rgba(255,255,255,0.25));color: #000000;color: light-dark(#000000, #ffffff);border-radius: 2px  Server   @ http://localhost:3001/_next/static/chunks/c2a0a_next_dist_28e8fb8c._.js:2297
[     653ms] [LOG] [HMR] connected @ http://localhost:3001/_next/static/chunks/c2a0a_next_dist_28e8fb8c._.js:2297
[     943ms] [ERROR] Failed to load resource: the server responded with a status of 404 (Not Found) @ http://localhost:3001/icon-192.png:0
[     968ms] [WARNING] Error while trying to use the following icon from the Manifest: http://localhost:3001/icon-192.png (Download error or resource isn't a valid image) @ http://localhost:3001/stock:0
[    1055ms] [LOG] [Fast Refresh] rebuilding @ http://localhost:3001/_next/static/chunks/c2a0a_next_dist_28e8fb8c._.js:2297
[    1206ms] [LOG] [Fast Refresh] done in 267ms @ http://localhost:3001/_next/static/chunks/c2a0a_next_dist_28e8fb8c._.js:2297
[  190118ms] [LOG] [Fast Refresh] rebuilding @ http://localhost:3001/_next/static/chunks/c2a0a_next_dist_28e8fb8c._.js:2297
[  190245ms] [LOG] [Fast Refresh] done in 237ms @ http://localhost:3001/_next/static/chunks/c2a0a_next_dist_28e8fb8c._.js:2297
[  192326ms] [LOG] [Fast Refresh] rebuilding @ http://localhost:3001/_next/static/chunks/c2a0a_next_dist_28e8fb8c._.js:2297
[  192351ms] [LOG] [Fast Refresh] done in 127ms @ http://localhost:3001/_next/static/chunks/c2a0a_next_dist_28e8fb8c._.js:2297
[  843788ms] [LOG] [Fast Refresh] rebuilding @ http://localhost:3001/_next/static/chunks/c2a0a_next_dist_28e8fb8c._.js:2297
[  844027ms] [LOG] [Fast Refresh] done in 341ms @ http://localhost:3001/_next/static/chunks/c2a0a_next_dist_28e8fb8c._.js:2297
[ 1059257ms] [LOG] [Fast Refresh] rebuilding @ http://localhost:3001/_next/static/chunks/c2a0a_next_dist_28e8fb8c._.js:2297
[ 1059682ms] [LOG] [Fast Refresh] done in 526ms @ http://localhost:3001/_next/static/chunks/c2a0a_next_dist_28e8fb8c._.js:2297
[ 1066778ms] [LOG] [Fast Refresh] rebuilding @ http://localhost:3001/_next/static/chunks/c2a0a_next_dist_28e8fb8c._.js:2297
[ 1067033ms] [LOG] [Fast Refresh] done in 358ms @ http://localhost:3001/_next/static/chunks/c2a0a_next_dist_28e8fb8c._.js:2297
[ 1074536ms] [LOG] [Fast Refresh] rebuilding @ http://localhost:3001/_next/static/chunks/c2a0a_next_dist_28e8fb8c._.js:2297
[ 1074906ms] [LOG] [Fast Refresh] done in 471ms @ http://localhost:3001/_next/static/chunks/c2a0a_next_dist_28e8fb8c._.js:2297
