[     170ms] [LOG] [Fast Refresh] rebuilding @ http://localhost:3001/_next/static/chunks/c2a0a_next_dist_28e8fb8c._.js:2297
[     280ms] [LOG] [Fast Refresh] done in 213ms @ http://localhost:3001/_next/static/chunks/c2a0a_next_dist_28e8fb8c._.js:2297
[    1493ms] [INFO] %cDownload the React DevTools for a better development experience: https://react.dev/link/react-devtools font-weight:bold @ http://localhost:3001/_next/static/chunks/c2a0a_next_dist_28e8fb8c._.js:2297
[    1553ms] [WARNING] %c%s%c ⚠ Unsupported metadata themeColor is configured in metadata export in /dashboard. Please move it to viewport export instead.
Read more: https://nextjs.org/docs/app/api-reference/functions/generate-viewport background: #e6e6e6;background: light-dark(rgba(0,0,0,0.1), rgba(255,255,255,0.25));color: #000000;color: light-dark(#000000, #ffffff);border-radius: 2px  Server   @ http://localhost:3001/_next/static/chunks/c2a0a_next_dist_28e8fb8c._.js:2297
[    1610ms] [LOG] [HMR] connected @ http://localhost:3001/_next/static/chunks/c2a0a_next_dist_28e8fb8c._.js:2297
[    2408ms] [LOG] [Fast Refresh] rebuilding @ http://localhost:3001/_next/static/chunks/c2a0a_next_dist_28e8fb8c._.js:2297
[    3074ms] [LOG] [Fast Refresh] done in 768ms @ http://localhost:3001/_next/static/chunks/c2a0a_next_dist_28e8fb8c._.js:2297
[    3523ms] [LOG] [Fast Refresh] rebuilding @ http://localhost:3001/_next/static/chunks/c2a0a_next_dist_28e8fb8c._.js:2297
[    3632ms] [LOG] [Fast Refresh] done in 209ms @ http://localhost:3001/_next/static/chunks/c2a0a_next_dist_28e8fb8c._.js:2297
[    3700ms] [ERROR] Failed to load resource: the server responded with a status of 404 (Not Found) @ http://localhost:3001/icon-192.png:0
[    3741ms] [LOG] [Fast Refresh] rebuilding @ http://localhost:3001/_next/static/chunks/c2a0a_next_dist_28e8fb8c._.js:2297
[    3816ms] [WARNING] Error while trying to use the following icon from the Manifest: http://localhost:3001/icon-192.png (Download error or resource isn't a valid image) @ http://localhost:3001/dashboard:0
[    4491ms] [ERROR] Failed to load resource: the server responded with a status of 400 () @ https://rjvmygudsemlnkpfdfzd.supabase.co/rest/v1/treatments?select=id&status=eq.pending_approval:0
[    4503ms] [ERROR] Failed to load resource: the server responded with a status of 400 () @ https://rjvmygudsemlnkpfdfzd.supabase.co/rest/v1/treatments?select=id&status=eq.pending_approval:0
[    4517ms] [ERROR] Failed to load resource: the server responded with a status of 400 () @ https://rjvmygudsemlnkpfdfzd.supabase.co/rest/v1/stock_levels?select=current_quantity%2Cavg_unit_price_dzd%2Ctotal_value_dzd:0
[    4656ms] [ERROR] Failed to load resource: the server responded with a status of 400 () @ https://rjvmygudsemlnkpfdfzd.supabase.co/rest/v1/stock_levels?select=current_quantity%2Cavg_unit_price_dzd%2Ctotal_value_dzd:0
[    6021ms] [LOG] [Fast Refresh] done in 2385ms @ http://localhost:3001/_next/static/chunks/c2a0a_next_dist_28e8fb8c._.js:2297
[   19374ms] [LOG] [Fast Refresh] rebuilding @ http://localhost:3001/_next/static/chunks/c2a0a_next_dist_28e8fb8c._.js:2297
[   19705ms] [LOG] [Fast Refresh] done in 438ms @ http://localhost:3001/_next/static/chunks/c2a0a_next_dist_28e8fb8c._.js:2297
[   22506ms] [LOG] [Fast Refresh] rebuilding @ http://localhost:3001/_next/static/chunks/c2a0a_next_dist_28e8fb8c._.js:2297
[   26818ms] [LOG] [Fast Refresh] done in 4418ms @ http://localhost:3001/_next/static/chunks/c2a0a_next_dist_28e8fb8c._.js:2297
[   27135ms] [LOG] [Fast Refresh] rebuilding @ http://localhost:3001/_next/static/chunks/c2a0a_next_dist_28e8fb8c._.js:2297
[   27253ms] [LOG] [Fast Refresh] done in 229ms @ http://localhost:3001/_next/static/chunks/c2a0a_next_dist_28e8fb8c._.js:2297
[   27488ms] [WARNING] %c%s%c ⚠ Unsupported metadata themeColor is configured in metadata export in /stock. Please move it to viewport export instead.
Read more: https://nextjs.org/docs/app/api-reference/functions/generate-viewport background: #e6e6e6;background: light-dark(rgba(0,0,0,0.1), rgba(255,255,255,0.25));color: #000000;color: light-dark(#000000, #ffffff);border-radius: 2px  Server   @ http://localhost:3001/_next/static/chunks/c2a0a_next_dist_28e8fb8c._.js:2297
[   27591ms] [LOG] [Fast Refresh] rebuilding @ http://localhost:3001/_next/static/chunks/c2a0a_next_dist_28e8fb8c._.js:2297
[   27593ms] [LOG] [Fast Refresh] done in 138ms @ http://localhost:3001/_next/static/chunks/c2a0a_next_dist_28e8fb8c._.js:2297
[   27696ms] [LOG] [Fast Refresh] rebuilding @ http://localhost:3001/_next/static/chunks/c2a0a_next_dist_28e8fb8c._.js:2297
[   27753ms] [LOG] [Fast Refresh] done in 158ms @ http://localhost:3001/_next/static/chunks/c2a0a_next_dist_28e8fb8c._.js:2297
[   28207ms] [LOG] [Fast Refresh] rebuilding @ http://localhost:3001/_next/static/chunks/c2a0a_next_dist_28e8fb8c._.js:2297
[   28421ms] [LOG] [Fast Refresh] done in 318ms @ http://localhost:3001/_next/static/chunks/c2a0a_next_dist_28e8fb8c._.js:2297
[   28490ms] [ERROR] Failed to load resource: the server responded with a status of 404 (Not Found) @ http://localhost:3001/icon-192.png:0
[   28651ms] [WARNING] Error while trying to use the following icon from the Manifest: http://localhost:3001/icon-192.png (Download error or resource isn't a valid image) @ http://localhost:3001/stock:0
[   28688ms] [LOG] [Fast Refresh] rebuilding @ http://localhost:3001/_next/static/chunks/c2a0a_next_dist_28e8fb8c._.js:2297
[   33711ms] [LOG] [Fast Refresh] done in 5127ms @ http://localhost:3001/_next/static/chunks/c2a0a_next_dist_28e8fb8c._.js:2297
[   42598ms] [LOG] [Fast Refresh] rebuilding @ http://localhost:3001/_next/static/chunks/c2a0a_next_dist_28e8fb8c._.js:2297
[   42740ms] [LOG] [Fast Refresh] done in 244ms @ http://localhost:3001/_next/static/chunks/c2a0a_next_dist_28e8fb8c._.js:2297
[   44134ms] [LOG] [Fast Refresh] rebuilding @ http://localhost:3001/_next/static/chunks/c2a0a_next_dist_28e8fb8c._.js:2297
[   44200ms] [LOG] [Fast Refresh] done in 168ms @ http://localhost:3001/_next/static/chunks/c2a0a_next_dist_28e8fb8c._.js:2297
[   44323ms] [LOG] [Fast Refresh] rebuilding @ http://localhost:3001/_next/static/chunks/c2a0a_next_dist_28e8fb8c._.js:2297
[   44539ms] [LOG] [Fast Refresh] done in 325ms @ http://localhost:3001/_next/static/chunks/c2a0a_next_dist_28e8fb8c._.js:2297
[   45657ms] [LOG] [Fast Refresh] rebuilding @ http://localhost:3001/_next/static/chunks/c2a0a_next_dist_28e8fb8c._.js:2297
[   46421ms] [LOG] [Fast Refresh] done in 870ms @ http://localhost:3001/_next/static/chunks/c2a0a_next_dist_28e8fb8c._.js:2297
[   73133ms] [LOG] [Fast Refresh] rebuilding @ http://localhost:3001/_next/static/chunks/c2a0a_next_dist_28e8fb8c._.js:2297
[   73843ms] [LOG] [Fast Refresh] done in 817ms @ http://localhost:3001/_next/static/chunks/c2a0a_next_dist_28e8fb8c._.js:2297
[   89258ms] [LOG] [Fast Refresh] rebuilding @ http://localhost:3001/_next/static/chunks/c2a0a_next_dist_28e8fb8c._.js:2297
[   89805ms] [LOG] [Fast Refresh] done in 651ms @ http://localhost:3001/_next/static/chunks/c2a0a_next_dist_28e8fb8c._.js:2297
[  128104ms] [LOG] [Fast Refresh] rebuilding @ http://localhost:3001/_next/static/chunks/c2a0a_next_dist_28e8fb8c._.js:2297
[  128211ms] [LOG] [Fast Refresh] done in 219ms @ http://localhost:3001/_next/static/chunks/c2a0a_next_dist_28e8fb8c._.js:2297
[  129544ms] [LOG] [Fast Refresh] rebuilding @ http://localhost:3001/_next/static/chunks/c2a0a_next_dist_28e8fb8c._.js:2297
[  129667ms] [LOG] [Fast Refresh] done in 235ms @ http://localhost:3001/_next/static/chunks/c2a0a_next_dist_28e8fb8c._.js:2297
[  129940ms] [LOG] [Fast Refresh] rebuilding @ http://localhost:3001/_next/static/chunks/c2a0a_next_dist_28e8fb8c._.js:2297
[  130391ms] [LOG] [Fast Refresh] done in 566ms @ http://localhost:3001/_next/static/chunks/c2a0a_next_dist_28e8fb8c._.js:2297
[  256819ms] [LOG] [Fast Refresh] rebuilding @ http://localhost:3001/_next/static/chunks/c2a0a_next_dist_28e8fb8c._.js:2297
[  259759ms] [ERROR] %o

%s ReferenceError: useAccessContext is not defined
    at useAssistant (http://localhost:3001/_next/static/chunks/src_components_b9fe03f1._.js?id=%255Bproject%255D%252Fsrc%252Fcomponents%252Fassistant%252FuseAssistant.ts+%255Bapp-client%255D+%2528ecmascript%2529:34:30)
    at AssistantWidget (http://localhost:3001/_next/static/chunks/src_components_facef8e4._.js:1975:237)
    at Object.react_stack_bottom_frame (http://localhost:3001/_next/static/chunks/c2a0a_next_dist_compiled_react-dom_3882bb77._.js:14826:24)
    at renderWithHooks (http://localhost:3001/_next/static/chunks/c2a0a_next_dist_compiled_react-dom_3882bb77._.js:4651:24)
    at updateFunctionComponent (http://localhost:3001/_next/static/chunks/c2a0a_next_dist_compiled_react-dom_3882bb77._.js:6112:21)
    at beginWork (http://localhost:3001/_next/static/chunks/c2a0a_next_dist_compiled_react-dom_3882bb77._.js:6708:24)
    at runWithFiberInDEV (http://localhost:3001/_next/static/chunks/c2a0a_next_dist_compiled_react-dom_3882bb77._.js:965:74)
    at performUnitOfWork (http://localhost:3001/_next/static/chunks/c2a0a_next_dist_compiled_react-dom_3882bb77._.js:9562:97)
    at workLoopSync (http://localhost:3001/_next/static/chunks/c2a0a_next_dist_compiled_react-dom_3882bb77._.js:9456:40)
    at renderRootSync (http://localhost:3001/_next/static/chunks/c2a0a_next_dist_compiled_react-dom_3882bb77._.js:9440:13)
    at performWorkOnRoot (http://localhost:3001/_next/static/chunks/c2a0a_next_dist_compiled_react-dom_3882bb77._.js:9105:47)
    at performSyncWorkOnRoot (http://localhost:3001/_next/static/chunks/c2a0a_next_dist_compiled_react-dom_3882bb77._.js:10238:9)
    at flushSyncWorkAcrossRoots_impl (http://localhost:3001/_next/static/chunks/c2a0a_next_dist_compiled_react-dom_3882bb77._.js:10154:316)
    at flushSyncWork$1 (http://localhost:3001/_next/static/chunks/c2a0a_next_dist_compiled_react-dom_3882bb77._.js:9237:86)
    at Object.scheduleRefresh (http://localhost:3001/_next/static/chunks/c2a0a_next_dist_compiled_react-dom_3882bb77._.js:299:13)
    at http://localhost:3001/_next/static/chunks/c2a0a_next_dist_compiled_8588f287._.js:391:33
    at Set.forEach (<anonymous>)
    at Object.performReactRefresh (http://localhost:3001/_next/static/chunks/c2a0a_next_dist_compiled_8588f287._.js:384:38)
    at applyUpdate (http://localhost:3001/_next/static/chunks/c2a0a_next_dist_compiled_8588f287._.js:878:31)
    at http://localhost:3001/_next/static/chunks/c2a0a_next_dist_compiled_8588f287._.js:886:13 The above error occurred in the <AssistantWidget> component. It was handled by the <ErrorBoundaryHandler> error boundary. @ http://localhost:3001/_next/static/chunks/c2a0a_next_dist_client_582c631e._.js:1342
[  259782ms] [ERROR] [LeadFarm] Unhandled error: ReferenceError: useAccessContext is not defined
    at useAssistant (http://localhost:3001/_next/static/chunks/src_components_b9fe03f1._.js?id=%255Bproject%255D%252Fsrc%252Fcomponents%252Fassistant%252FuseAssistant.ts+%255Bapp-client%255D+%2528ecmascript%2529:34:30)
    at AssistantWidget (http://localhost:3001/_next/static/chunks/src_components_facef8e4._.js:1975:237)
    at Object.react_stack_bottom_frame (http://localhost:3001/_next/static/chunks/c2a0a_next_dist_compiled_react-dom_3882bb77._.js:14826:24)
    at renderWithHooks (http://localhost:3001/_next/static/chunks/c2a0a_next_dist_compiled_react-dom_3882bb77._.js:4651:24)
    at updateFunctionComponent (http://localhost:3001/_next/static/chunks/c2a0a_next_dist_compiled_react-dom_3882bb77._.js:6112:21)
    at beginWork (http://localhost:3001/_next/static/chunks/c2a0a_next_dist_compiled_react-dom_3882bb77._.js:6708:24)
    at runWithFiberInDEV (http://localhost:3001/_next/static/chunks/c2a0a_next_dist_compiled_react-dom_3882bb77._.js:965:74)
    at performUnitOfWork (http://localhost:3001/_next/static/chunks/c2a0a_next_dist_compiled_react-dom_3882bb77._.js:9562:97)
    at workLoopSync (http://localhost:3001/_next/static/chunks/c2a0a_next_dist_compiled_react-dom_3882bb77._.js:9456:40)
    at renderRootSync (http://localhost:3001/_next/static/chunks/c2a0a_next_dist_compiled_react-dom_3882bb77._.js:9440:13)
    at performWorkOnRoot (http://localhost:3001/_next/static/chunks/c2a0a_next_dist_compiled_react-dom_3882bb77._.js:9105:47)
    at performSyncWorkOnRoot (http://localhost:3001/_next/static/chunks/c2a0a_next_dist_compiled_react-dom_3882bb77._.js:10238:9)
    at flushSyncWorkAcrossRoots_impl (http://localhost:3001/_next/static/chunks/c2a0a_next_dist_compiled_react-dom_3882bb77._.js:10154:316)
    at flushSyncWork$1 (http://localhost:3001/_next/static/chunks/c2a0a_next_dist_compiled_react-dom_3882bb77._.js:9237:86)
    at Object.scheduleRefresh (http://localhost:3001/_next/static/chunks/c2a0a_next_dist_compiled_react-dom_3882bb77._.js:299:13)
    at http://localhost:3001/_next/static/chunks/c2a0a_next_dist_compiled_8588f287._.js:391:33
    at Set.forEach (<anonymous>)
    at Object.performReactRefresh (http://localhost:3001/_next/static/chunks/c2a0a_next_dist_compiled_8588f287._.js:384:38)
    at applyUpdate (http://localhost:3001/_next/static/chunks/c2a0a_next_dist_compiled_8588f287._.js:878:31)
    at http://localhost:3001/_next/static/chunks/c2a0a_next_dist_compiled_8588f287._.js:886:13 @ http://localhost:3001/_next/static/chunks/c2a0a_next_dist_28e8fb8c._.js:3127
[  259785ms] [ERROR] [LeadFarm] Unhandled error: ReferenceError: useAccessContext is not defined
    at useAssistant (http://localhost:3001/_next/static/chunks/src_components_b9fe03f1._.js?id=%255Bproject%255D%252Fsrc%252Fcomponents%252Fassistant%252FuseAssistant.ts+%255Bapp-client%255D+%2528ecmascript%2529:34:30)
    at AssistantWidget (http://localhost:3001/_next/static/chunks/src_components_facef8e4._.js:1975:237)
    at Object.react_stack_bottom_frame (http://localhost:3001/_next/static/chunks/c2a0a_next_dist_compiled_react-dom_3882bb77._.js:14826:24)
    at renderWithHooks (http://localhost:3001/_next/static/chunks/c2a0a_next_dist_compiled_react-dom_3882bb77._.js:4651:24)
    at updateFunctionComponent (http://localhost:3001/_next/static/chunks/c2a0a_next_dist_compiled_react-dom_3882bb77._.js:6112:21)
    at beginWork (http://localhost:3001/_next/static/chunks/c2a0a_next_dist_compiled_react-dom_3882bb77._.js:6708:24)
    at runWithFiberInDEV (http://localhost:3001/_next/static/chunks/c2a0a_next_dist_compiled_react-dom_3882bb77._.js:965:74)
    at performUnitOfWork (http://localhost:3001/_next/static/chunks/c2a0a_next_dist_compiled_react-dom_3882bb77._.js:9562:97)
    at workLoopSync (http://localhost:3001/_next/static/chunks/c2a0a_next_dist_compiled_react-dom_3882bb77._.js:9456:40)
    at renderRootSync (http://localhost:3001/_next/static/chunks/c2a0a_next_dist_compiled_react-dom_3882bb77._.js:9440:13)
    at performWorkOnRoot (http://localhost:3001/_next/static/chunks/c2a0a_next_dist_compiled_react-dom_3882bb77._.js:9105:47)
    at performSyncWorkOnRoot (http://localhost:3001/_next/static/chunks/c2a0a_next_dist_compiled_react-dom_3882bb77._.js:10238:9)
    at flushSyncWorkAcrossRoots_impl (http://localhost:3001/_next/static/chunks/c2a0a_next_dist_compiled_react-dom_3882bb77._.js:10154:316)
    at flushSyncWork$1 (http://localhost:3001/_next/static/chunks/c2a0a_next_dist_compiled_react-dom_3882bb77._.js:9237:86)
    at Object.scheduleRefresh (http://localhost:3001/_next/static/chunks/c2a0a_next_dist_compiled_react-dom_3882bb77._.js:299:13)
    at http://localhost:3001/_next/static/chunks/c2a0a_next_dist_compiled_8588f287._.js:391:33
    at Set.forEach (<anonymous>)
    at Object.performReactRefresh (http://localhost:3001/_next/static/chunks/c2a0a_next_dist_compiled_8588f287._.js:384:38)
    at applyUpdate (http://localhost:3001/_next/static/chunks/c2a0a_next_dist_compiled_8588f287._.js:878:31)
    at http://localhost:3001/_next/static/chunks/c2a0a_next_dist_compiled_8588f287._.js:886:13 @ http://localhost:3001/_next/static/chunks/c2a0a_next_dist_28e8fb8c._.js:3127
[  260585ms] [ERROR] %o

%s ReferenceError: useAccessContext is not defined
    at useAssistant (http://localhost:3001/_next/static/chunks/src_components_facef8e4._.js?id=%255Bproject%255D%252Fsrc%252Fcomponents%252Fassistant%252FuseAssistant.ts+%255Bapp-client%255D+%2528ecmascript%2529:34:30)
    at AssistantWidget (http://localhost:3001/_next/static/chunks/src_components_facef8e4._.js:1975:237)
    at Object.react_stack_bottom_frame (http://localhost:3001/_next/static/chunks/c2a0a_next_dist_compiled_react-dom_3882bb77._.js:14826:24)
    at renderWithHooks (http://localhost:3001/_next/static/chunks/c2a0a_next_dist_compiled_react-dom_3882bb77._.js:4651:24)
    at updateFunctionComponent (http://localhost:3001/_next/static/chunks/c2a0a_next_dist_compiled_react-dom_3882bb77._.js:6112:21)
    at beginWork (http://localhost:3001/_next/static/chunks/c2a0a_next_dist_compiled_react-dom_3882bb77._.js:6708:24)
    at runWithFiberInDEV (http://localhost:3001/_next/static/chunks/c2a0a_next_dist_compiled_react-dom_3882bb77._.js:965:74)
    at performUnitOfWork (http://localhost:3001/_next/static/chunks/c2a0a_next_dist_compiled_react-dom_3882bb77._.js:9562:97)
    at workLoopSync (http://localhost:3001/_next/static/chunks/c2a0a_next_dist_compiled_react-dom_3882bb77._.js:9456:40)
    at renderRootSync (http://localhost:3001/_next/static/chunks/c2a0a_next_dist_compiled_react-dom_3882bb77._.js:9440:13)
    at performWorkOnRoot (http://localhost:3001/_next/static/chunks/c2a0a_next_dist_compiled_react-dom_3882bb77._.js:9105:47)
    at performSyncWorkOnRoot (http://localhost:3001/_next/static/chunks/c2a0a_next_dist_compiled_react-dom_3882bb77._.js:10238:9)
    at flushSyncWorkAcrossRoots_impl (http://localhost:3001/_next/static/chunks/c2a0a_next_dist_compiled_react-dom_3882bb77._.js:10154:316)
    at flushSyncWork$1 (http://localhost:3001/_next/static/chunks/c2a0a_next_dist_compiled_react-dom_3882bb77._.js:9237:86)
    at Object.scheduleRefresh (http://localhost:3001/_next/static/chunks/c2a0a_next_dist_compiled_react-dom_3882bb77._.js:299:13)
    at http://localhost:3001/_next/static/chunks/c2a0a_next_dist_compiled_8588f287._.js:391:33
    at Set.forEach (<anonymous>)
    at Object.performReactRefresh (http://localhost:3001/_next/static/chunks/c2a0a_next_dist_compiled_8588f287._.js:384:38)
    at applyUpdate (http://localhost:3001/_next/static/chunks/c2a0a_next_dist_compiled_8588f287._.js:878:31)
    at http://localhost:3001/_next/static/chunks/c2a0a_next_dist_compiled_8588f287._.js:886:13 The above error occurred in the <AssistantWidget> component. It was handled by the <ErrorBoundaryHandler> error boundary. @ http://localhost:3001/_next/static/chunks/c2a0a_next_dist_client_582c631e._.js:1342
[  260594ms] [ERROR] [LeadFarm] Unhandled error: ReferenceError: useAccessContext is not defined
    at useAssistant (http://localhost:3001/_next/static/chunks/src_components_facef8e4._.js?id=%255Bproject%255D%252Fsrc%252Fcomponents%252Fassistant%252FuseAssistant.ts+%255Bapp-client%255D+%2528ecmascript%2529:34:30)
    at AssistantWidget (http://localhost:3001/_next/static/chunks/src_components_facef8e4._.js:1975:237)
    at Object.react_stack_bottom_frame (http://localhost:3001/_next/static/chunks/c2a0a_next_dist_compiled_react-dom_3882bb77._.js:14826:24)
    at renderWithHooks (http://localhost:3001/_next/static/chunks/c2a0a_next_dist_compiled_react-dom_3882bb77._.js:4651:24)
    at updateFunctionComponent (http://localhost:3001/_next/static/chunks/c2a0a_next_dist_compiled_react-dom_3882bb77._.js:6112:21)
    at beginWork (http://localhost:3001/_next/static/chunks/c2a0a_next_dist_compiled_react-dom_3882bb77._.js:6708:24)
    at runWithFiberInDEV (http://localhost:3001/_next/static/chunks/c2a0a_next_dist_compiled_react-dom_3882bb77._.js:965:74)
    at performUnitOfWork (http://localhost:3001/_next/static/chunks/c2a0a_next_dist_compiled_react-dom_3882bb77._.js:9562:97)
    at workLoopSync (http://localhost:3001/_next/static/chunks/c2a0a_next_dist_compiled_react-dom_3882bb77._.js:9456:40)
    at renderRootSync (http://localhost:3001/_next/static/chunks/c2a0a_next_dist_compiled_react-dom_3882bb77._.js:9440:13)
    at performWorkOnRoot (http://localhost:3001/_next/static/chunks/c2a0a_next_dist_compiled_react-dom_3882bb77._.js:9105:47)
    at performSyncWorkOnRoot (http://localhost:3001/_next/static/chunks/c2a0a_next_dist_compiled_react-dom_3882bb77._.js:10238:9)
    at flushSyncWorkAcrossRoots_impl (http://localhost:3001/_next/static/chunks/c2a0a_next_dist_compiled_react-dom_3882bb77._.js:10154:316)
    at flushSyncWork$1 (http://localhost:3001/_next/static/chunks/c2a0a_next_dist_compiled_react-dom_3882bb77._.js:9237:86)
    at Object.scheduleRefresh (http://localhost:3001/_next/static/chunks/c2a0a_next_dist_compiled_react-dom_3882bb77._.js:299:13)
    at http://localhost:3001/_next/static/chunks/c2a0a_next_dist_compiled_8588f287._.js:391:33
    at Set.forEach (<anonymous>)
    at Object.performReactRefresh (http://localhost:3001/_next/static/chunks/c2a0a_next_dist_compiled_8588f287._.js:384:38)
    at applyUpdate (http://localhost:3001/_next/static/chunks/c2a0a_next_dist_compiled_8588f287._.js:878:31)
    at http://localhost:3001/_next/static/chunks/c2a0a_next_dist_compiled_8588f287._.js:886:13 @ http://localhost:3001/_next/static/chunks/c2a0a_next_dist_28e8fb8c._.js:3127
[  260762ms] [ERROR] %o

%s ReferenceError: useAccessContext is not defined
    at useAssistant (http://localhost:3001/_next/static/chunks/src_components_facef8e4._.js?id=%255Bproject%255D%252Fsrc%252Fcomponents%252Fassistant%252FuseAssistant.ts+%255Bapp-client%255D+%2528ecmascript%2529:34:30)
    at AssistantWidget (http://localhost:3001/_next/static/chunks/src_components_facef8e4._.js:1975:237)
    at Object.react_stack_bottom_frame (http://localhost:3001/_next/static/chunks/c2a0a_next_dist_compiled_react-dom_3882bb77._.js:14826:24)
    at renderWithHooks (http://localhost:3001/_next/static/chunks/c2a0a_next_dist_compiled_react-dom_3882bb77._.js:4651:24)
    at updateFunctionComponent (http://localhost:3001/_next/static/chunks/c2a0a_next_dist_compiled_react-dom_3882bb77._.js:6112:21)
    at beginWork (http://localhost:3001/_next/static/chunks/c2a0a_next_dist_compiled_react-dom_3882bb77._.js:6708:24)
    at runWithFiberInDEV (http://localhost:3001/_next/static/chunks/c2a0a_next_dist_compiled_react-dom_3882bb77._.js:965:74)
    at performUnitOfWork (http://localhost:3001/_next/static/chunks/c2a0a_next_dist_compiled_react-dom_3882bb77._.js:9562:97)
    at workLoopSync (http://localhost:3001/_next/static/chunks/c2a0a_next_dist_compiled_react-dom_3882bb77._.js:9456:40)
    at renderRootSync (http://localhost:3001/_next/static/chunks/c2a0a_next_dist_compiled_react-dom_3882bb77._.js:9440:13)
    at performWorkOnRoot (http://localhost:3001/_next/static/chunks/c2a0a_next_dist_compiled_react-dom_3882bb77._.js:9105:47)
    at performSyncWorkOnRoot (http://localhost:3001/_next/static/chunks/c2a0a_next_dist_compiled_react-dom_3882bb77._.js:10238:9)
    at flushSyncWorkAcrossRoots_impl (http://localhost:3001/_next/static/chunks/c2a0a_next_dist_compiled_react-dom_3882bb77._.js:10154:316)
    at flushSyncWork$1 (http://localhost:3001/_next/static/chunks/c2a0a_next_dist_compiled_react-dom_3882bb77._.js:9237:86)
    at Object.scheduleRefresh (http://localhost:3001/_next/static/chunks/c2a0a_next_dist_compiled_react-dom_3882bb77._.js:299:13)
    at http://localhost:3001/_next/static/chunks/c2a0a_next_dist_compiled_8588f287._.js:391:33
    at Set.forEach (<anonymous>)
    at Object.performReactRefresh (http://localhost:3001/_next/static/chunks/c2a0a_next_dist_compiled_8588f287._.js:384:38)
    at applyUpdate (http://localhost:3001/_next/static/chunks/c2a0a_next_dist_compiled_8588f287._.js:878:31)
    at http://localhost:3001/_next/static/chunks/c2a0a_next_dist_compiled_8588f287._.js:886:13 The above error occurred in the <AssistantWidget> component. It was handled by the <ErrorBoundaryHandler> error boundary. @ http://localhost:3001/_next/static/chunks/c2a0a_next_dist_client_582c631e._.js:1342
[  260768ms] [ERROR] [LeadFarm] Unhandled error: ReferenceError: useAccessContext is not defined
    at useAssistant (http://localhost:3001/_next/static/chunks/src_components_facef8e4._.js?id=%255Bproject%255D%252Fsrc%252Fcomponents%252Fassistant%252FuseAssistant.ts+%255Bapp-client%255D+%2528ecmascript%2529:34:30)
    at AssistantWidget (http://localhost:3001/_next/static/chunks/src_components_facef8e4._.js:1975:237)
    at Object.react_stack_bottom_frame (http://localhost:3001/_next/static/chunks/c2a0a_next_dist_compiled_react-dom_3882bb77._.js:14826:24)
    at renderWithHooks (http://localhost:3001/_next/static/chunks/c2a0a_next_dist_compiled_react-dom_3882bb77._.js:4651:24)
    at updateFunctionComponent (http://localhost:3001/_next/static/chunks/c2a0a_next_dist_compiled_react-dom_3882bb77._.js:6112:21)
    at beginWork (http://localhost:3001/_next/static/chunks/c2a0a_next_dist_compiled_react-dom_3882bb77._.js:6708:24)
    at runWithFiberInDEV (http://localhost:3001/_next/static/chunks/c2a0a_next_dist_compiled_react-dom_3882bb77._.js:965:74)
    at performUnitOfWork (http://localhost:3001/_next/static/chunks/c2a0a_next_dist_compiled_react-dom_3882bb77._.js:9562:97)
    at workLoopSync (http://localhost:3001/_next/static/chunks/c2a0a_next_dist_compiled_react-dom_3882bb77._.js:9456:40)
    at renderRootSync (http://localhost:3001/_next/static/chunks/c2a0a_next_dist_compiled_react-dom_3882bb77._.js:9440:13)
    at performWorkOnRoot (http://localhost:3001/_next/static/chunks/c2a0a_next_dist_compiled_react-dom_3882bb77._.js:9105:47)
    at performSyncWorkOnRoot (http://localhost:3001/_next/static/chunks/c2a0a_next_dist_compiled_react-dom_3882bb77._.js:10238:9)
    at flushSyncWorkAcrossRoots_impl (http://localhost:3001/_next/static/chunks/c2a0a_next_dist_compiled_react-dom_3882bb77._.js:10154:316)
    at flushSyncWork$1 (http://localhost:3001/_next/static/chunks/c2a0a_next_dist_compiled_react-dom_3882bb77._.js:9237:86)
    at Object.scheduleRefresh (http://localhost:3001/_next/static/chunks/c2a0a_next_dist_compiled_react-dom_3882bb77._.js:299:13)
    at http://localhost:3001/_next/static/chunks/c2a0a_next_dist_compiled_8588f287._.js:391:33
    at Set.forEach (<anonymous>)
    at Object.performReactRefresh (http://localhost:3001/_next/static/chunks/c2a0a_next_dist_compiled_8588f287._.js:384:38)
    at applyUpdate (http://localhost:3001/_next/static/chunks/c2a0a_next_dist_compiled_8588f287._.js:878:31)
    at http://localhost:3001/_next/static/chunks/c2a0a_next_dist_compiled_8588f287._.js:886:13 @ http://localhost:3001/_next/static/chunks/c2a0a_next_dist_28e8fb8c._.js:3127
[  260799ms] [LOG] [Fast Refresh] done in 3902ms @ http://localhost:3001/_next/static/chunks/c2a0a_next_dist_28e8fb8c._.js:2297
[  261028ms] [LOG] [Fast Refresh] rebuilding @ http://localhost:3001/_next/static/chunks/c2a0a_next_dist_28e8fb8c._.js:2297
[  261283ms] [LOG] [Fast Refresh] done in 364ms @ http://localhost:3001/_next/static/chunks/c2a0a_next_dist_28e8fb8c._.js:2297
[  267754ms] [LOG] [Fast Refresh] rebuilding @ http://localhost:3001/_next/static/chunks/c2a0a_next_dist_28e8fb8c._.js:2297
[  270062ms] [ERROR] %o

%s ReferenceError: profile is not defined
    at useAssistant (http://localhost:3001/_next/static/chunks/src_components_facef8e4._.js?id=%255Bproject%255D%252Fsrc%252Fcomponents%252Fassistant%252FuseAssistant.ts+%255Bapp-client%255D+%2528ecmascript%2529:142:9)
    at AssistantWidget (http://localhost:3001/_next/static/chunks/src_components_facef8e4._.js:1975:237)
    at Object.react_stack_bottom_frame (http://localhost:3001/_next/static/chunks/c2a0a_next_dist_compiled_react-dom_3882bb77._.js:14826:24)
    at renderWithHooks (http://localhost:3001/_next/static/chunks/c2a0a_next_dist_compiled_react-dom_3882bb77._.js:4651:24)
    at updateFunctionComponent (http://localhost:3001/_next/static/chunks/c2a0a_next_dist_compiled_react-dom_3882bb77._.js:6112:21)
    at beginWork (http://localhost:3001/_next/static/chunks/c2a0a_next_dist_compiled_react-dom_3882bb77._.js:6708:24)
    at runWithFiberInDEV (http://localhost:3001/_next/static/chunks/c2a0a_next_dist_compiled_react-dom_3882bb77._.js:965:74)
    at performUnitOfWork (http://localhost:3001/_next/static/chunks/c2a0a_next_dist_compiled_react-dom_3882bb77._.js:9562:97)
    at workLoopSync (http://localhost:3001/_next/static/chunks/c2a0a_next_dist_compiled_react-dom_3882bb77._.js:9456:40)
    at renderRootSync (http://localhost:3001/_next/static/chunks/c2a0a_next_dist_compiled_react-dom_3882bb77._.js:9440:13)
    at performWorkOnRoot (http://localhost:3001/_next/static/chunks/c2a0a_next_dist_compiled_react-dom_3882bb77._.js:9105:47)
    at performSyncWorkOnRoot (http://localhost:3001/_next/static/chunks/c2a0a_next_dist_compiled_react-dom_3882bb77._.js:10238:9)
    at flushSyncWorkAcrossRoots_impl (http://localhost:3001/_next/static/chunks/c2a0a_next_dist_compiled_react-dom_3882bb77._.js:10154:316)
    at flushSyncWork$1 (http://localhost:3001/_next/static/chunks/c2a0a_next_dist_compiled_react-dom_3882bb77._.js:9237:86)
    at Object.scheduleRefresh (http://localhost:3001/_next/static/chunks/c2a0a_next_dist_compiled_react-dom_3882bb77._.js:299:13)
    at http://localhost:3001/_next/static/chunks/c2a0a_next_dist_compiled_8588f287._.js:391:33
    at Set.forEach (<anonymous>)
    at Object.performReactRefresh (http://localhost:3001/_next/static/chunks/c2a0a_next_dist_compiled_8588f287._.js:384:38)
    at applyUpdate (http://localhost:3001/_next/static/chunks/c2a0a_next_dist_compiled_8588f287._.js:878:31)
    at http://localhost:3001/_next/static/chunks/c2a0a_next_dist_compiled_8588f287._.js:886:13 The above error occurred in the <AssistantWidget> component. It was handled by the <ErrorBoundaryHandler> error boundary. @ http://localhost:3001/_next/static/chunks/c2a0a_next_dist_client_582c631e._.js:1342
[  270072ms] [ERROR] [LeadFarm] Unhandled error: ReferenceError: profile is not defined
    at useAssistant (http://localhost:3001/_next/static/chunks/src_components_facef8e4._.js?id=%255Bproject%255D%252Fsrc%252Fcomponents%252Fassistant%252FuseAssistant.ts+%255Bapp-client%255D+%2528ecmascript%2529:142:9)
    at AssistantWidget (http://localhost:3001/_next/static/chunks/src_components_facef8e4._.js:1975:237)
    at Object.react_stack_bottom_frame (http://localhost:3001/_next/static/chunks/c2a0a_next_dist_compiled_react-dom_3882bb77._.js:14826:24)
    at renderWithHooks (http://localhost:3001/_next/static/chunks/c2a0a_next_dist_compiled_react-dom_3882bb77._.js:4651:24)
    at updateFunctionComponent (http://localhost:3001/_next/static/chunks/c2a0a_next_dist_compiled_react-dom_3882bb77._.js:6112:21)
    at beginWork (http://localhost:3001/_next/static/chunks/c2a0a_next_dist_compiled_react-dom_3882bb77._.js:6708:24)
    at runWithFiberInDEV (http://localhost:3001/_next/static/chunks/c2a0a_next_dist_compiled_react-dom_3882bb77._.js:965:74)
    at performUnitOfWork (http://localhost:3001/_next/static/chunks/c2a0a_next_dist_compiled_react-dom_3882bb77._.js:9562:97)
    at workLoopSync (http://localhost:3001/_next/static/chunks/c2a0a_next_dist_compiled_react-dom_3882bb77._.js:9456:40)
    at renderRootSync (http://localhost:3001/_next/static/chunks/c2a0a_next_dist_compiled_react-dom_3882bb77._.js:9440:13)
    at performWorkOnRoot (http://localhost:3001/_next/static/chunks/c2a0a_next_dist_compiled_react-dom_3882bb77._.js:9105:47)
    at performSyncWorkOnRoot (http://localhost:3001/_next/static/chunks/c2a0a_next_dist_compiled_react-dom_3882bb77._.js:10238:9)
    at flushSyncWorkAcrossRoots_impl (http://localhost:3001/_next/static/chunks/c2a0a_next_dist_compiled_react-dom_3882bb77._.js:10154:316)
    at flushSyncWork$1 (http://localhost:3001/_next/static/chunks/c2a0a_next_dist_compiled_react-dom_3882bb77._.js:9237:86)
    at Object.scheduleRefresh (http://localhost:3001/_next/static/chunks/c2a0a_next_dist_compiled_react-dom_3882bb77._.js:299:13)
    at http://localhost:3001/_next/static/chunks/c2a0a_next_dist_compiled_8588f287._.js:391:33
    at Set.forEach (<anonymous>)
    at Object.performReactRefresh (http://localhost:3001/_next/static/chunks/c2a0a_next_dist_compiled_8588f287._.js:384:38)
    at applyUpdate (http://localhost:3001/_next/static/chunks/c2a0a_next_dist_compiled_8588f287._.js:878:31)
    at http://localhost:3001/_next/static/chunks/c2a0a_next_dist_compiled_8588f287._.js:886:13 @ http://localhost:3001/_next/static/chunks/c2a0a_next_dist_28e8fb8c._.js:3127
[  270287ms] [ERROR] %o

%s ReferenceError: profile is not defined
    at useAssistant (http://localhost:3001/_next/static/chunks/src_components_b9fe03f1._.js?id=%255Bproject%255D%252Fsrc%252Fcomponents%252Fassistant%252FuseAssistant.ts+%255Bapp-client%255D+%2528ecmascript%2529:142:9)
    at AssistantWidget (http://localhost:3001/_next/static/chunks/src_components_facef8e4._.js:1975:237)
    at Object.react_stack_bottom_frame (http://localhost:3001/_next/static/chunks/c2a0a_next_dist_compiled_react-dom_3882bb77._.js:14826:24)
    at renderWithHooks (http://localhost:3001/_next/static/chunks/c2a0a_next_dist_compiled_react-dom_3882bb77._.js:4651:24)
    at updateFunctionComponent (http://localhost:3001/_next/static/chunks/c2a0a_next_dist_compiled_react-dom_3882bb77._.js:6112:21)
    at beginWork (http://localhost:3001/_next/static/chunks/c2a0a_next_dist_compiled_react-dom_3882bb77._.js:6708:24)
    at runWithFiberInDEV (http://localhost:3001/_next/static/chunks/c2a0a_next_dist_compiled_react-dom_3882bb77._.js:965:74)
    at performUnitOfWork (http://localhost:3001/_next/static/chunks/c2a0a_next_dist_compiled_react-dom_3882bb77._.js:9562:97)
    at workLoopSync (http://localhost:3001/_next/static/chunks/c2a0a_next_dist_compiled_react-dom_3882bb77._.js:9456:40)
    at renderRootSync (http://localhost:3001/_next/static/chunks/c2a0a_next_dist_compiled_react-dom_3882bb77._.js:9440:13)
    at performWorkOnRoot (http://localhost:3001/_next/static/chunks/c2a0a_next_dist_compiled_react-dom_3882bb77._.js:9105:47)
    at performSyncWorkOnRoot (http://localhost:3001/_next/static/chunks/c2a0a_next_dist_compiled_react-dom_3882bb77._.js:10238:9)
    at flushSyncWorkAcrossRoots_impl (http://localhost:3001/_next/static/chunks/c2a0a_next_dist_compiled_react-dom_3882bb77._.js:10154:316)
    at flushSyncWork$1 (http://localhost:3001/_next/static/chunks/c2a0a_next_dist_compiled_react-dom_3882bb77._.js:9237:86)
    at Object.scheduleRefresh (http://localhost:3001/_next/static/chunks/c2a0a_next_dist_compiled_react-dom_3882bb77._.js:299:13)
    at http://localhost:3001/_next/static/chunks/c2a0a_next_dist_compiled_8588f287._.js:391:33
    at Set.forEach (<anonymous>)
    at Object.performReactRefresh (http://localhost:3001/_next/static/chunks/c2a0a_next_dist_compiled_8588f287._.js:384:38)
    at applyUpdate (http://localhost:3001/_next/static/chunks/c2a0a_next_dist_compiled_8588f287._.js:878:31)
    at http://localhost:3001/_next/static/chunks/c2a0a_next_dist_compiled_8588f287._.js:886:13 The above error occurred in the <AssistantWidget> component. It was handled by the <ErrorBoundaryHandler> error boundary. @ http://localhost:3001/_next/static/chunks/c2a0a_next_dist_client_582c631e._.js:1342
[  270290ms] [ERROR] [LeadFarm] Unhandled error: ReferenceError: profile is not defined
    at useAssistant (http://localhost:3001/_next/static/chunks/src_components_b9fe03f1._.js?id=%255Bproject%255D%252Fsrc%252Fcomponents%252Fassistant%252FuseAssistant.ts+%255Bapp-client%255D+%2528ecmascript%2529:142:9)
    at AssistantWidget (http://localhost:3001/_next/static/chunks/src_components_facef8e4._.js:1975:237)
    at Object.react_stack_bottom_frame (http://localhost:3001/_next/static/chunks/c2a0a_next_dist_compiled_react-dom_3882bb77._.js:14826:24)
    at renderWithHooks (http://localhost:3001/_next/static/chunks/c2a0a_next_dist_compiled_react-dom_3882bb77._.js:4651:24)
    at updateFunctionComponent (http://localhost:3001/_next/static/chunks/c2a0a_next_dist_compiled_react-dom_3882bb77._.js:6112:21)
    at beginWork (http://localhost:3001/_next/static/chunks/c2a0a_next_dist_compiled_react-dom_3882bb77._.js:6708:24)
    at runWithFiberInDEV (http://localhost:3001/_next/static/chunks/c2a0a_next_dist_compiled_react-dom_3882bb77._.js:965:74)
    at performUnitOfWork (http://localhost:3001/_next/static/chunks/c2a0a_next_dist_compiled_react-dom_3882bb77._.js:9562:97)
    at workLoopSync (http://localhost:3001/_next/static/chunks/c2a0a_next_dist_compiled_react-dom_3882bb77._.js:9456:40)
    at renderRootSync (http://localhost:3001/_next/static/chunks/c2a0a_next_dist_compiled_react-dom_3882bb77._.js:9440:13)
    at performWorkOnRoot (http://localhost:3001/_next/static/chunks/c2a0a_next_dist_compiled_react-dom_3882bb77._.js:9105:47)
    at performSyncWorkOnRoot (http://localhost:3001/_next/static/chunks/c2a0a_next_dist_compiled_react-dom_3882bb77._.js:10238:9)
    at flushSyncWorkAcrossRoots_impl (http://localhost:3001/_next/static/chunks/c2a0a_next_dist_compiled_react-dom_3882bb77._.js:10154:316)
    at flushSyncWork$1 (http://localhost:3001/_next/static/chunks/c2a0a_next_dist_compiled_react-dom_3882bb77._.js:9237:86)
    at Object.scheduleRefresh (http://localhost:3001/_next/static/chunks/c2a0a_next_dist_compiled_react-dom_3882bb77._.js:299:13)
    at http://localhost:3001/_next/static/chunks/c2a0a_next_dist_compiled_8588f287._.js:391:33
    at Set.forEach (<anonymous>)
    at Object.performReactRefresh (http://localhost:3001/_next/static/chunks/c2a0a_next_dist_compiled_8588f287._.js:384:38)
    at applyUpdate (http://localhost:3001/_next/static/chunks/c2a0a_next_dist_compiled_8588f287._.js:878:31)
    at http://localhost:3001/_next/static/chunks/c2a0a_next_dist_compiled_8588f287._.js:886:13 @ http://localhost:3001/_next/static/chunks/c2a0a_next_dist_28e8fb8c._.js:3127
[  270314ms] [LOG] [Fast Refresh] done in 2441ms @ http://localhost:3001/_next/static/chunks/c2a0a_next_dist_28e8fb8c._.js:2297
[  270502ms] [LOG] [Fast Refresh] rebuilding @ http://localhost:3001/_next/static/chunks/c2a0a_next_dist_28e8fb8c._.js:2297
[  270732ms] [LOG] [Fast Refresh] done in 339ms @ http://localhost:3001/_next/static/chunks/c2a0a_next_dist_28e8fb8c._.js:2297
[  271152ms] [LOG] [Fast Refresh] rebuilding @ http://localhost:3001/_next/static/chunks/c2a0a_next_dist_28e8fb8c._.js:2297
[  271157ms] [LOG] [Fast Refresh] done in 105ms @ http://localhost:3001/_next/static/chunks/c2a0a_next_dist_28e8fb8c._.js:2297
[  284979ms] [LOG] [Fast Refresh] rebuilding @ http://localhost:3001/_next/static/chunks/c2a0a_next_dist_28e8fb8c._.js:2297
[  287492ms] [LOG] [Fast Refresh] done in 2594ms @ http://localhost:3001/_next/static/chunks/c2a0a_next_dist_28e8fb8c._.js:2297
[  288139ms] [LOG] [Fast Refresh] rebuilding @ http://localhost:3001/_next/static/chunks/c2a0a_next_dist_28e8fb8c._.js:2297
[  301496ms] [LOG] [Fast Refresh] done in 13461ms @ http://localhost:3001/_next/static/chunks/c2a0a_next_dist_28e8fb8c._.js:2297
[  303296ms] [LOG] [Fast Refresh] rebuilding @ http://localhost:3001/_next/static/chunks/c2a0a_next_dist_28e8fb8c._.js:2297
[  305926ms] [LOG] [Fast Refresh] done in 2683ms @ http://localhost:3001/_next/static/chunks/c2a0a_next_dist_28e8fb8c._.js:2297
[  316343ms] [LOG] [Fast Refresh] rebuilding @ http://localhost:3001/_next/static/chunks/c2a0a_next_dist_28e8fb8c._.js:2297
[  319122ms] [LOG] [Fast Refresh] done in 2850ms @ http://localhost:3001/_next/static/chunks/c2a0a_next_dist_28e8fb8c._.js:2297
[  319828ms] [LOG] [Fast Refresh] rebuilding @ http://localhost:3001/_next/static/chunks/c2a0a_next_dist_28e8fb8c._.js:2297
[  320020ms] [LOG] [Fast Refresh] done in 305ms @ http://localhost:3001/_next/static/chunks/c2a0a_next_dist_28e8fb8c._.js:2297
[  322914ms] [LOG] [Fast Refresh] rebuilding @ http://localhost:3001/_next/static/chunks/c2a0a_next_dist_28e8fb8c._.js:2297
[  324345ms] [LOG] [Fast Refresh] done in 1505ms @ http://localhost:3001/_next/static/chunks/c2a0a_next_dist_28e8fb8c._.js:2297
[  331562ms] [LOG] [Fast Refresh] rebuilding @ http://localhost:3001/_next/static/chunks/c2a0a_next_dist_28e8fb8c._.js:2297
[  331679ms] [LOG] [Fast Refresh] done in 220ms @ http://localhost:3001/_next/static/chunks/c2a0a_next_dist_28e8fb8c._.js:2297
[  331810ms] [LOG] [Fast Refresh] rebuilding @ http://localhost:3001/_next/static/chunks/c2a0a_next_dist_28e8fb8c._.js:2297
[  345128ms] [LOG] [Fast Refresh] done in 13418ms @ http://localhost:3001/_next/static/chunks/c2a0a_next_dist_28e8fb8c._.js:2297
[  345233ms] [LOG] [Fast Refresh] rebuilding @ http://localhost:3001/_next/static/chunks/c2a0a_next_dist_28e8fb8c._.js:2297
[  346024ms] [WARNING] %c%s%c ⚠ Unsupported metadata themeColor is configured in metadata export in /stock. Please move it to viewport export instead.
Read more: https://nextjs.org/docs/app/api-reference/functions/generate-viewport background: #e6e6e6;background: light-dark(rgba(0,0,0,0.1), rgba(255,255,255,0.25));color: #000000;color: light-dark(#000000, #ffffff);border-radius: 2px  Server   @ http://localhost:3001/_next/static/chunks/c2a0a_next_dist_28e8fb8c._.js:2297
[  380482ms] [ERROR] Failed to load resource: the server responded with a status of 404 (Not Found) @ http://localhost:3001/stock?_rsc=1g7qx:0
[  414444ms] [WARNING] %c%s%c ⚠ Unsupported metadata themeColor is configured in metadata export in /_not-found. Please move it to viewport export instead.
Read more: https://nextjs.org/docs/app/api-reference/functions/generate-viewport background: #e6e6e6;background: light-dark(rgba(0,0,0,0.1), rgba(255,255,255,0.25));color: #000000;color: light-dark(#000000, #ffffff);border-radius: 2px  Server   @ http://localhost:3001/_next/static/chunks/c2a0a_next_dist_28e8fb8c._.js:2297
[  415315ms] [WARNING] %c%s%c ⚠ Unsupported metadata themeColor is configured in metadata export in /stock. Please move it to viewport export instead.
Read more: https://nextjs.org/docs/app/api-reference/functions/generate-viewport background: #e6e6e6;background: light-dark(rgba(0,0,0,0.1), rgba(255,255,255,0.25));color: #000000;color: light-dark(#000000, #ffffff);border-radius: 2px  Server   @ http://localhost:3001/_next/static/chunks/c2a0a_next_dist_28e8fb8c._.js:2297
[  415322ms] [WARNING] %c%s%c ⚠ Unsupported metadata themeColor is configured in metadata export in /stock. Please move it to viewport export instead.
Read more: https://nextjs.org/docs/app/api-reference/functions/generate-viewport background: #e6e6e6;background: light-dark(rgba(0,0,0,0.1), rgba(255,255,255,0.25));color: #000000;color: light-dark(#000000, #ffffff);border-radius: 2px  Server   @ http://localhost:3001/_next/static/chunks/c2a0a_next_dist_28e8fb8c._.js:2297
[  415324ms] [WARNING] %c%s%c ⚠ Unsupported metadata themeColor is configured in metadata export in /stock. Please move it to viewport export instead.
Read more: https://nextjs.org/docs/app/api-reference/functions/generate-viewport background: #e6e6e6;background: light-dark(rgba(0,0,0,0.1), rgba(255,255,255,0.25));color: #000000;color: light-dark(#000000, #ffffff);border-radius: 2px  Server   @ http://localhost:3001/_next/static/chunks/c2a0a_next_dist_28e8fb8c._.js:2297
[  415327ms] [WARNING] %c%s%c ⚠ Unsupported metadata themeColor is configured in metadata export in /stock. Please move it to viewport export instead.
Read more: https://nextjs.org/docs/app/api-reference/functions/generate-viewport background: #e6e6e6;background: light-dark(rgba(0,0,0,0.1), rgba(255,255,255,0.25));color: #000000;color: light-dark(#000000, #ffffff);border-radius: 2px  Server   @ http://localhost:3001/_next/static/chunks/c2a0a_next_dist_28e8fb8c._.js:2297
[  415330ms] [WARNING] %c%s%c ⚠ Unsupported metadata themeColor is configured in metadata export in /stock. Please move it to viewport export instead.
Read more: https://nextjs.org/docs/app/api-reference/functions/generate-viewport background: #e6e6e6;background: light-dark(rgba(0,0,0,0.1), rgba(255,255,255,0.25));color: #000000;color: light-dark(#000000, #ffffff);border-radius: 2px  Server   @ http://localhost:3001/_next/static/chunks/c2a0a_next_dist_28e8fb8c._.js:2297
[  461048ms] [INFO] %cDownload the React DevTools for a better development experience: https://react.dev/link/react-devtools font-weight:bold @ http://localhost:3001/_next/static/chunks/c2a0a_next_dist_28e8fb8c._.js:2297
[  461274ms] [WARNING] %c%s%c ⚠ Unsupported metadata themeColor is configured in metadata export in /stock. Please move it to viewport export instead.
Read more: https://nextjs.org/docs/app/api-reference/functions/generate-viewport background: #e6e6e6;background: light-dark(rgba(0,0,0,0.1), rgba(255,255,255,0.25));color: #000000;color: light-dark(#000000, #ffffff);border-radius: 2px  Server   @ http://localhost:3001/_next/static/chunks/c2a0a_next_dist_28e8fb8c._.js:2297
[  461595ms] [LOG] [HMR] connected @ http://localhost:3001/_next/static/chunks/c2a0a_next_dist_28e8fb8c._.js:2297
[  477074ms] [ERROR] Failed to load resource: the server responded with a status of 404 (Not Found) @ http://localhost:3001/icon-192.png:0
[  477375ms] [WARNING] Error while trying to use the following icon from the Manifest: http://localhost:3001/icon-192.png (Download error or resource isn't a valid image) @ http://localhost:3001/stock:0
[  501863ms] [LOG] [Fast Refresh] rebuilding @ http://localhost:3001/_next/static/chunks/c2a0a_next_dist_28e8fb8c._.js:2297
[  501873ms] [LOG] [Fast Refresh] done in 116ms @ http://localhost:3001/_next/static/chunks/c2a0a_next_dist_28e8fb8c._.js:2297
[  508720ms] [LOG] [Fast Refresh] rebuilding @ http://localhost:3001/_next/static/chunks/c2a0a_next_dist_28e8fb8c._.js:2297
[  509002ms] [LOG] [Fast Refresh] done in 382ms @ http://localhost:3001/_next/static/chunks/c2a0a_next_dist_28e8fb8c._.js:2297
