[     450ms] [LOG] [Fast Refresh] rebuilding @ http://localhost:3001/_next/static/chunks/c2a0a_next_dist_28e8fb8c._.js:2297
[    1465ms] [LOG] [Fast Refresh] done in 1117ms @ http://localhost:3001/_next/static/chunks/c2a0a_next_dist_28e8fb8c._.js:2297
[    3141ms] [INFO] %cDownload the React DevTools for a better development experience: https://react.dev/link/react-devtools font-weight:bold @ http://localhost:3001/_next/static/chunks/c2a0a_next_dist_28e8fb8c._.js:2297
[    3233ms] [WARNING] %c%s%c ⚠ Unsupported metadata themeColor is configured in metadata export in /dashboard. Please move it to viewport export instead.
Read more: https://nextjs.org/docs/app/api-reference/functions/generate-viewport background: #e6e6e6;background: light-dark(rgba(0,0,0,0.1), rgba(255,255,255,0.25));color: #000000;color: light-dark(#000000, #ffffff);border-radius: 2px  Server   @ http://localhost:3001/_next/static/chunks/c2a0a_next_dist_28e8fb8c._.js:2297
[    3292ms] [LOG] [HMR] connected @ http://localhost:3001/_next/static/chunks/c2a0a_next_dist_28e8fb8c._.js:2297
[    3892ms] [LOG] [Fast Refresh] rebuilding @ http://localhost:3001/_next/static/chunks/c2a0a_next_dist_28e8fb8c._.js:2297
[    4032ms] [LOG] [Fast Refresh] done in 246ms @ http://localhost:3001/_next/static/chunks/c2a0a_next_dist_28e8fb8c._.js:2297
[    4110ms] [ERROR] Failed to load resource: the server responded with a status of 404 (Not Found) @ http://localhost:3001/icon-192.png:0
[    4152ms] [LOG] [Fast Refresh] rebuilding @ http://localhost:3001/_next/static/chunks/c2a0a_next_dist_28e8fb8c._.js:2297
[    4213ms] [WARNING] Error while trying to use the following icon from the Manifest: http://localhost:3001/icon-192.png (Download error or resource isn't a valid image) @ http://localhost:3001/dashboard:0
[    4961ms] [ERROR] Failed to load resource: the server responded with a status of 400 () @ https://rjvmygudsemlnkpfdfzd.supabase.co/rest/v1/stock_levels?select=current_quantity%2Cavg_unit_price_dzd%2Ctotal_value_dzd:0
[    4995ms] [ERROR] Failed to load resource: the server responded with a status of 400 () @ https://rjvmygudsemlnkpfdfzd.supabase.co/rest/v1/treatments?select=id&status=eq.pending_approval:0
[    5099ms] [ERROR] Failed to load resource: the server responded with a status of 400 () @ https://rjvmygudsemlnkpfdfzd.supabase.co/rest/v1/stock_levels?select=current_quantity%2Cavg_unit_price_dzd%2Ctotal_value_dzd:0
[    5170ms] [ERROR] Failed to load resource: the server responded with a status of 400 () @ https://rjvmygudsemlnkpfdfzd.supabase.co/rest/v1/treatments?select=id&status=eq.pending_approval:0
[    5374ms] [LOG] [Fast Refresh] done in 1333ms @ http://localhost:3001/_next/static/chunks/c2a0a_next_dist_28e8fb8c._.js:2297
[   23052ms] [LOG] [Fast Refresh] rebuilding @ http://localhost:3001/_next/static/chunks/c2a0a_next_dist_28e8fb8c._.js:2297
[   23486ms] [LOG] [Fast Refresh] done in 549ms @ http://localhost:3001/_next/static/chunks/c2a0a_next_dist_28e8fb8c._.js:2297
[   48290ms] [LOG] [Fast Refresh] rebuilding @ http://localhost:3001/_next/static/chunks/c2a0a_next_dist_28e8fb8c._.js:2297
[   48687ms] [LOG] [Fast Refresh] done in 499ms @ http://localhost:3001/_next/static/chunks/c2a0a_next_dist_28e8fb8c._.js:2297
[   64816ms] [ERROR] Failed to load resource: the server responded with a status of 400 () @ https://rjvmygudsemlnkpfdfzd.supabase.co/rest/v1/treatments?select=id&status=eq.pending_approval:0
[   64824ms] [ERROR] Failed to load resource: the server responded with a status of 400 () @ https://rjvmygudsemlnkpfdfzd.supabase.co/rest/v1/stock_levels?select=current_quantity%2Cavg_unit_price_dzd%2Ctotal_value_dzd:0
[   81658ms] [LOG] [Fast Refresh] rebuilding @ http://localhost:3001/_next/static/chunks/c2a0a_next_dist_28e8fb8c._.js:2297
[   81817ms] [LOG] [Fast Refresh] done in 259ms @ http://localhost:3001/_next/static/chunks/c2a0a_next_dist_28e8fb8c._.js:2297
[   86754ms] [LOG] [Fast Refresh] rebuilding @ http://localhost:3001/_next/static/chunks/c2a0a_next_dist_28e8fb8c._.js:2297
[   86843ms] [LOG] [Fast Refresh] done in 198ms @ http://localhost:3001/_next/static/chunks/c2a0a_next_dist_28e8fb8c._.js:2297
[   98876ms] [LOG] [Fast Refresh] rebuilding @ http://localhost:3001/_next/static/chunks/c2a0a_next_dist_28e8fb8c._.js:2297
[   98895ms] [LOG] [Fast Refresh] done in 127ms @ http://localhost:3001/_next/static/chunks/c2a0a_next_dist_28e8fb8c._.js:2297
[  101531ms] [LOG] [Fast Refresh] rebuilding @ http://localhost:3001/_next/static/chunks/c2a0a_next_dist_28e8fb8c._.js:2297
[  101549ms] [LOG] [Fast Refresh] done in 127ms @ http://localhost:3001/_next/static/chunks/c2a0a_next_dist_28e8fb8c._.js:2297
[  124710ms] [ERROR] Failed to load resource: the server responded with a status of 400 () @ https://rjvmygudsemlnkpfdfzd.supabase.co/rest/v1/treatments?select=id&status=eq.pending_approval:0
[  124714ms] [ERROR] Failed to load resource: the server responded with a status of 400 () @ https://rjvmygudsemlnkpfdfzd.supabase.co/rest/v1/stock_levels?select=current_quantity%2Cavg_unit_price_dzd%2Ctotal_value_dzd:0
[  151801ms] [LOG] [Fast Refresh] rebuilding @ http://localhost:3001/_next/static/chunks/c2a0a_next_dist_28e8fb8c._.js:2297
[  155291ms] [LOG] [Fast Refresh] done in 3572ms @ http://localhost:3001/_next/static/chunks/c2a0a_next_dist_28e8fb8c._.js:2297
[  162614ms] [LOG] [Fast Refresh] rebuilding @ http://localhost:3001/_next/static/chunks/c2a0a_next_dist_28e8fb8c._.js:2297
[  164906ms] [LOG] [Fast Refresh] done in 2369ms @ http://localhost:3001/_next/static/chunks/c2a0a_next_dist_28e8fb8c._.js:2297
[  175364ms] [LOG] [Fast Refresh] rebuilding @ http://localhost:3001/_next/static/chunks/c2a0a_next_dist_28e8fb8c._.js:2297
[  176687ms] [LOG] [Fast Refresh] done in 1431ms @ http://localhost:3001/_next/static/chunks/c2a0a_next_dist_28e8fb8c._.js:2297
[  184972ms] [ERROR] Failed to load resource: the server responded with a status of 400 () @ https://rjvmygudsemlnkpfdfzd.supabase.co/rest/v1/treatments?select=id&status=eq.pending_approval:0
[  184977ms] [ERROR] Failed to load resource: the server responded with a status of 400 () @ https://rjvmygudsemlnkpfdfzd.supabase.co/rest/v1/stock_levels?select=current_quantity%2Cavg_unit_price_dzd%2Ctotal_value_dzd:0
[  185242ms] [LOG] [Fast Refresh] rebuilding @ http://localhost:3001/_next/static/chunks/c2a0a_next_dist_28e8fb8c._.js:2297
[  185321ms] [LOG] [Fast Refresh] done in 271ms @ http://localhost:3001/_next/static/chunks/c2a0a_next_dist_28e8fb8c._.js:2297
[  215506ms] [LOG] [Fast Refresh] rebuilding @ http://localhost:3001/_next/static/chunks/c2a0a_next_dist_28e8fb8c._.js:2297
[  219265ms] [ERROR] Failed to load resource: the server responded with a status of 400 () @ https://rjvmygudsemlnkpfdfzd.supabase.co/rest/v1/treatments?select=id&status=eq.pending_approval:0
[  219278ms] [ERROR] Failed to load resource: the server responded with a status of 400 () @ https://rjvmygudsemlnkpfdfzd.supabase.co/rest/v1/stock_levels?select=current_quantity%2Cavg_unit_price_dzd%2Ctotal_value_dzd:0
[  219340ms] [ERROR] Failed to load resource: the server responded with a status of 400 () @ https://rjvmygudsemlnkpfdfzd.supabase.co/rest/v1/treatments?select=id&status=eq.pending_approval:0
[  219410ms] [ERROR] Failed to load resource: the server responded with a status of 400 () @ https://rjvmygudsemlnkpfdfzd.supabase.co/rest/v1/stock_levels?select=current_quantity%2Cavg_unit_price_dzd%2Ctotal_value_dzd:0
[  219486ms] [LOG] [Fast Refresh] done in 4081ms @ http://localhost:3001/_next/static/chunks/c2a0a_next_dist_28e8fb8c._.js:2297
[  219764ms] [LOG] [Fast Refresh] rebuilding @ http://localhost:3001/_next/static/chunks/c2a0a_next_dist_28e8fb8c._.js:2297
[  220088ms] [LOG] [Fast Refresh] done in 473ms @ http://localhost:3001/_next/static/chunks/c2a0a_next_dist_28e8fb8c._.js:2297
[  220625ms] [LOG] [Fast Refresh] rebuilding @ http://localhost:3001/_next/static/chunks/c2a0a_next_dist_28e8fb8c._.js:2297
[  220639ms] [LOG] [Fast Refresh] done in 117ms @ http://localhost:3001/_next/static/chunks/c2a0a_next_dist_28e8fb8c._.js:2297
[  220781ms] [LOG] [Fast Refresh] rebuilding @ http://localhost:3001/_next/static/chunks/c2a0a_next_dist_28e8fb8c._.js:2297
[  228709ms] [LOG] [Fast Refresh] done in 8031ms @ http://localhost:3001/_next/static/chunks/c2a0a_next_dist_28e8fb8c._.js:2297
[  231698ms] [INFO] %cDownload the React DevTools for a better development experience: https://react.dev/link/react-devtools font-weight:bold @ http://localhost:3001/_next/static/chunks/c2a0a_next_dist_28e8fb8c._.js:2297
[  231747ms] [WARNING] %c%s%c ⚠ Unsupported metadata themeColor is configured in metadata export in /dashboard. Please move it to viewport export instead.
Read more: https://nextjs.org/docs/app/api-reference/functions/generate-viewport background: #e6e6e6;background: light-dark(rgba(0,0,0,0.1), rgba(255,255,255,0.25));color: #000000;color: light-dark(#000000, #ffffff);border-radius: 2px  Server   @ http://localhost:3001/_next/static/chunks/c2a0a_next_dist_28e8fb8c._.js:2297
[  232041ms] [LOG] [HMR] connected @ http://localhost:3001/_next/static/chunks/c2a0a_next_dist_28e8fb8c._.js:2297
[  233497ms] [LOG] [Fast Refresh] rebuilding @ http://localhost:3001/_next/static/chunks/c2a0a_next_dist_28e8fb8c._.js:2297
[  234579ms] [ERROR] Failed to load resource: the server responded with a status of 400 () @ https://rjvmygudsemlnkpfdfzd.supabase.co/rest/v1/treatments?select=id&status=eq.pending_approval:0
[  234581ms] [ERROR] Failed to load resource: the server responded with a status of 400 () @ https://rjvmygudsemlnkpfdfzd.supabase.co/rest/v1/treatments?select=id&status=eq.pending_approval:0
[  234583ms] [ERROR] Failed to load resource: the server responded with a status of 400 () @ https://rjvmygudsemlnkpfdfzd.supabase.co/rest/v1/stock_levels?select=current_quantity%2Cavg_unit_price_dzd%2Ctotal_value_dzd:0
[  234740ms] [ERROR] Failed to load resource: the server responded with a status of 400 () @ https://rjvmygudsemlnkpfdfzd.supabase.co/rest/v1/stock_levels?select=current_quantity%2Cavg_unit_price_dzd%2Ctotal_value_dzd:0
[  237902ms] [LOG] [Fast Refresh] done in 4511ms @ http://localhost:3001/_next/static/chunks/c2a0a_next_dist_28e8fb8c._.js:2297
[  238091ms] [ERROR] Failed to load resource: the server responded with a status of 404 (Not Found) @ http://localhost:3001/icon-192.png:0
[  238319ms] [WARNING] Error while trying to use the following icon from the Manifest: http://localhost:3001/icon-192.png (Download error or resource isn't a valid image) @ http://localhost:3001/dashboard:0
[  238585ms] [LOG] [Fast Refresh] rebuilding @ http://localhost:3001/_next/static/chunks/c2a0a_next_dist_28e8fb8c._.js:2297
[  238841ms] [LOG] [Fast Refresh] done in 401ms @ http://localhost:3001/_next/static/chunks/c2a0a_next_dist_28e8fb8c._.js:2297
[  249370ms] [LOG] [Fast Refresh] rebuilding @ http://localhost:3001/_next/static/chunks/c2a0a_next_dist_28e8fb8c._.js:2297
[  249450ms] [LOG] [Fast Refresh] done in 184ms @ http://localhost:3001/_next/static/chunks/c2a0a_next_dist_28e8fb8c._.js:2297
[  250883ms] [LOG] [Fast Refresh] rebuilding @ http://localhost:3001/_next/static/chunks/c2a0a_next_dist_28e8fb8c._.js:2297
[  254540ms] [LOG] [Fast Refresh] done in 3754ms @ http://localhost:3001/_next/static/chunks/c2a0a_next_dist_28e8fb8c._.js:2297
[  265117ms] [LOG] [Fast Refresh] rebuilding @ http://localhost:3001/_next/static/chunks/c2a0a_next_dist_28e8fb8c._.js:2297
[  285558ms] [ERROR] ./src/app/globals.css
Error evaluating Node.js code
CssSyntaxError: tailwindcss: C:\Users\User\Desktop\projet\lead farm final\src\app\globals.css:1:1: C:\Users\User\Desktop\projet\lead farm final\src\styles\soutenance.css:1771:1: Missing opening {
    [at Input.error (turbopack:///[project]/node_modules/postcss/lib/input.js:135:16)]
    [at Root.error (turbopack:///[project]/node_modules/postcss/lib/node.js:146:32)]
    [at Object.Once (C:\Users\User\Desktop\projet\lead farm final\node_modules\.pnpm\@tailwindcss+postcss@4.2.1\node_modules\@tailwindcss\postcss\dist\index.js:10:6913)]
    [at async LazyResult.runAsync (turbopack:///[project]/node_modules/postcss/lib/lazy-result.js:293:11)]
    [at async transform (turbopack:///[turbopack-node]/transforms/postcss.ts:70:34)]
    [at async run (turbopack:///[turbopack-node]/ipc/evaluate.ts:92:23)]

Import trace:
  Client Component Browser:
    ./src/app/globals.css [Client Component Browser]
    ./src/app/layout.tsx [Server Component] @ http://localhost:3001/_next/static/chunks/c2a0a_next_dist_28e8fb8c._.js:3127
[  294636ms] [ERROR] Failed to load resource: the server responded with a status of 400 () @ https://rjvmygudsemlnkpfdfzd.supabase.co/rest/v1/treatments?select=id&status=eq.pending_approval:0
[  294648ms] [ERROR] Failed to load resource: the server responded with a status of 400 () @ https://rjvmygudsemlnkpfdfzd.supabase.co/rest/v1/stock_levels?select=current_quantity%2Cavg_unit_price_dzd%2Ctotal_value_dzd:0
[  312875ms] [ERROR] ./src/app/globals.css
Error evaluating Node.js code
CssSyntaxError: tailwindcss: C:\Users\User\Desktop\projet\lead farm final\src\app\globals.css:1:1: C:\Users\User\Desktop\projet\lead farm final\src\styles\soutenance.css:1771:1: Missing opening {
    [at Input.error (turbopack:///[project]/node_modules/postcss/lib/input.js:135:16)]
    [at Root.error (turbopack:///[project]/node_modules/postcss/lib/node.js:146:32)]
    [at Object.Once (C:\Users\User\Desktop\projet\lead farm final\node_modules\.pnpm\@tailwindcss+postcss@4.2.1\node_modules\@tailwindcss\postcss\dist\index.js:10:6913)]
    [at async LazyResult.runAsync (turbopack:///[project]/node_modules/postcss/lib/lazy-result.js:293:11)]
    [at async transform (turbopack:///[turbopack-node]/transforms/postcss.ts:70:34)]
    [at async run (turbopack:///[turbopack-node]/ipc/evaluate.ts:92:23)]

Import trace:
  Client Component Browser:
    ./src/app/globals.css [Client Component Browser]
    ./src/app/layout.tsx [Server Component] @ http://localhost:3001/_next/static/chunks/c2a0a_next_dist_28e8fb8c._.js:3127
[  312915ms] [LOG] [Fast Refresh] rebuilding @ http://localhost:3001/_next/static/chunks/c2a0a_next_dist_28e8fb8c._.js:2297
