[     144ms] [LOG] [Fast Refresh] rebuilding @ http://localhost:3001/_next/static/chunks/c2a0a_next_dist_28e8fb8c._.js:2297
[     268ms] [LOG] [Fast Refresh] done in 233ms @ http://localhost:3001/_next/static/chunks/c2a0a_next_dist_28e8fb8c._.js:2297
[     386ms] [LOG] [Fast Refresh] rebuilding @ http://localhost:3001/_next/static/chunks/c2a0a_next_dist_28e8fb8c._.js:2297
[    1155ms] [INFO] %cDownload the React DevTools for a better development experience: https://react.dev/link/react-devtools font-weight:bold @ http://localhost:3001/_next/static/chunks/c2a0a_next_dist_28e8fb8c._.js:2297
[    1191ms] [WARNING] %c%s%c ⚠ Unsupported metadata themeColor is configured in metadata export in /dashboard. Please move it to viewport export instead.
Read more: https://nextjs.org/docs/app/api-reference/functions/generate-viewport background: #e6e6e6;background: light-dark(rgba(0,0,0,0.1), rgba(255,255,255,0.25));color: #000000;color: light-dark(#000000, #ffffff);border-radius: 2px  Server   @ http://localhost:3001/_next/static/chunks/c2a0a_next_dist_28e8fb8c._.js:2297
[    1283ms] [LOG] [HMR] connected @ http://localhost:3001/_next/static/chunks/c2a0a_next_dist_28e8fb8c._.js:2297
[    1428ms] [LOG] [Fast Refresh] rebuilding @ http://localhost:3001/_next/static/chunks/c2a0a_next_dist_28e8fb8c._.js:2297
[    1554ms] [ERROR] Failed to load resource: the server responded with a status of 404 (Not Found) @ http://localhost:3001/icon-192.png:0
[    1586ms] [WARNING] Error while trying to use the following icon from the Manifest: http://localhost:3001/icon-192.png (Download error or resource isn't a valid image) @ http://localhost:3001/dashboard:0
[    2062ms] [LOG] [Fast Refresh] done in 743ms @ http://localhost:3001/_next/static/chunks/c2a0a_next_dist_28e8fb8c._.js:2297
[    2163ms] [ERROR] Failed to load resource: the server responded with a status of 400 () @ https://rjvmygudsemlnkpfdfzd.supabase.co/rest/v1/treatments?select=id&status=eq.pending_approval:0
[    2239ms] [ERROR] Failed to load resource: the server responded with a status of 400 () @ https://rjvmygudsemlnkpfdfzd.supabase.co/rest/v1/stock_levels?select=current_quantity%2Cavg_unit_price_dzd%2Ctotal_value_dzd:0
[    2265ms] [ERROR] Failed to load resource: the server responded with a status of 400 () @ https://rjvmygudsemlnkpfdfzd.supabase.co/rest/v1/treatments?select=id&status=eq.pending_approval:0
[    2388ms] [ERROR] Failed to load resource: the server responded with a status of 400 () @ https://rjvmygudsemlnkpfdfzd.supabase.co/rest/v1/stock_levels?select=current_quantity%2Cavg_unit_price_dzd%2Ctotal_value_dzd:0
[   13873ms] [ERROR] Failed to load resource: the server responded with a status of 403 (Forbidden) @ http://localhost:3001/api/v1/parcelles/p-001/historique:0
[   29923ms] [LOG] [Fast Refresh] rebuilding @ http://localhost:3001/_next/static/chunks/c2a0a_next_dist_28e8fb8c._.js:2297
[   30077ms] [LOG] [Fast Refresh] done in 257ms @ http://localhost:3001/_next/static/chunks/c2a0a_next_dist_28e8fb8c._.js:2297
[   42825ms] [LOG] [Fast Refresh] rebuilding @ http://localhost:3001/_next/static/chunks/c2a0a_next_dist_28e8fb8c._.js:2297
[   43026ms] [LOG] [Fast Refresh] done in 306ms @ http://localhost:3001/_next/static/chunks/c2a0a_next_dist_28e8fb8c._.js:2297
[   62169ms] [ERROR] Failed to load resource: the server responded with a status of 400 () @ https://rjvmygudsemlnkpfdfzd.supabase.co/rest/v1/stock_levels?select=current_quantity%2Cavg_unit_price_dzd%2Ctotal_value_dzd:0
[   62187ms] [ERROR] Failed to load resource: the server responded with a status of 400 () @ https://rjvmygudsemlnkpfdfzd.supabase.co/rest/v1/treatments?select=id&status=eq.pending_approval:0
[   62803ms] [LOG] [Fast Refresh] rebuilding @ http://localhost:3001/_next/static/chunks/c2a0a_next_dist_28e8fb8c._.js:2297
[   62977ms] [LOG] [Fast Refresh] done in 275ms @ http://localhost:3001/_next/static/chunks/c2a0a_next_dist_28e8fb8c._.js:2297
[  122224ms] [ERROR] Failed to load resource: the server responded with a status of 400 () @ https://rjvmygudsemlnkpfdfzd.supabase.co/rest/v1/stock_levels?select=current_quantity%2Cavg_unit_price_dzd%2Ctotal_value_dzd:0
[  122226ms] [ERROR] Failed to load resource: the server responded with a status of 400 () @ https://rjvmygudsemlnkpfdfzd.supabase.co/rest/v1/treatments?select=id&status=eq.pending_approval:0
[  182232ms] [ERROR] Failed to load resource: the server responded with a status of 400 () @ https://rjvmygudsemlnkpfdfzd.supabase.co/rest/v1/stock_levels?select=current_quantity%2Cavg_unit_price_dzd%2Ctotal_value_dzd:0
[  182297ms] [ERROR] Failed to load resource: the server responded with a status of 400 () @ https://rjvmygudsemlnkpfdfzd.supabase.co/rest/v1/treatments?select=id&status=eq.pending_approval:0
[  242241ms] [ERROR] Failed to load resource: the server responded with a status of 400 () @ https://rjvmygudsemlnkpfdfzd.supabase.co/rest/v1/treatments?select=id&status=eq.pending_approval:0
[  242252ms] [ERROR] Failed to load resource: the server responded with a status of 400 () @ https://rjvmygudsemlnkpfdfzd.supabase.co/rest/v1/stock_levels?select=current_quantity%2Cavg_unit_price_dzd%2Ctotal_value_dzd:0
