[    1633ms] [INFO] %cDownload the React DevTools for a better development experience: https://react.dev/link/react-devtools font-weight:bold @ http://localhost:3001/_next/static/chunks/c2a0a_next_dist_28e8fb8c._.js:2297
[    1916ms] [WARNING] %c%s%c ⚠ Unsupported metadata themeColor is configured in metadata export in /dashboard. Please move it to viewport export instead.
Read more: https://nextjs.org/docs/app/api-reference/functions/generate-viewport background: #e6e6e6;background: light-dark(rgba(0,0,0,0.1), rgba(255,255,255,0.25));color: #000000;color: light-dark(#000000, #ffffff);border-radius: 2px  Server   @ http://localhost:3001/_next/static/chunks/c2a0a_next_dist_28e8fb8c._.js:2297
[    2281ms] [LOG] [HMR] connected @ http://localhost:3001/_next/static/chunks/c2a0a_next_dist_28e8fb8c._.js:2297
[    3152ms] [ERROR] Failed to load resource: the server responded with a status of 404 (Not Found) @ http://localhost:3001/icon-192.png:0
[    3235ms] [LOG] [Fast Refresh] rebuilding @ http://localhost:3001/_next/static/chunks/c2a0a_next_dist_28e8fb8c._.js:2297
[    3237ms] [WARNING] Error while trying to use the following icon from the Manifest: http://localhost:3001/icon-192.png (Download error or resource isn't a valid image) @ http://localhost:3001/dashboard:0
[    4002ms] [LOG] [Fast Refresh] done in 868ms @ http://localhost:3001/_next/static/chunks/c2a0a_next_dist_28e8fb8c._.js:2297
[    4206ms] [LOG] [Fast Refresh] rebuilding @ http://localhost:3001/_next/static/chunks/c2a0a_next_dist_28e8fb8c._.js:2297
[    4252ms] [LOG] [Fast Refresh] done in 165ms @ http://localhost:3001/_next/static/chunks/c2a0a_next_dist_28e8fb8c._.js:2297
[    4453ms] [ERROR] Failed to load resource: the server responded with a status of 400 () @ https://rjvmygudsemlnkpfdfzd.supabase.co/rest/v1/stock_levels?select=current_quantity%2Cavg_unit_price_dzd%2Ctotal_value_dzd:0
[    4542ms] [ERROR] Failed to load resource: the server responded with a status of 400 () @ https://rjvmygudsemlnkpfdfzd.supabase.co/rest/v1/treatments?select=id&status=eq.pending_approval:0
[    4931ms] [ERROR] Failed to load resource: the server responded with a status of 400 () @ https://rjvmygudsemlnkpfdfzd.supabase.co/rest/v1/treatments?select=id&status=eq.pending_approval:0
[    4946ms] [ERROR] Failed to load resource: the server responded with a status of 400 () @ https://rjvmygudsemlnkpfdfzd.supabase.co/rest/v1/stock_levels?select=current_quantity%2Cavg_unit_price_dzd%2Ctotal_value_dzd:0
[   16022ms] [LOG] [Fast Refresh] rebuilding @ http://localhost:3001/_next/static/chunks/c2a0a_next_dist_28e8fb8c._.js:2297
[   16140ms] [LOG] [Fast Refresh] done in 222ms @ http://localhost:3001/_next/static/chunks/c2a0a_next_dist_28e8fb8c._.js:2297
[   19852ms] [LOG] [Fast Refresh] rebuilding @ http://localhost:3001/_next/static/chunks/c2a0a_next_dist_28e8fb8c._.js:2297
[   19926ms] [LOG] [Fast Refresh] done in 183ms @ http://localhost:3001/_next/static/chunks/c2a0a_next_dist_28e8fb8c._.js:2297
[   20091ms] [LOG] [Fast Refresh] rebuilding @ http://localhost:3001/_next/static/chunks/c2a0a_next_dist_28e8fb8c._.js:2297
[   20213ms] [LOG] [Fast Refresh] done in 235ms @ http://localhost:3001/_next/static/chunks/c2a0a_next_dist_28e8fb8c._.js:2297
[   23733ms] [LOG] [Fast Refresh] rebuilding @ http://localhost:3001/_next/static/chunks/c2a0a_next_dist_28e8fb8c._.js:2297
[   23866ms] [LOG] [Fast Refresh] done in 239ms @ http://localhost:3001/_next/static/chunks/c2a0a_next_dist_28e8fb8c._.js:2297
[   37291ms] [LOG] [Fast Refresh] rebuilding @ http://localhost:3001/_next/static/chunks/c2a0a_next_dist_28e8fb8c._.js:2297
[   41528ms] [LOG] [Fast Refresh] done in 4344ms @ http://localhost:3001/_next/static/chunks/c2a0a_next_dist_28e8fb8c._.js:2297
[   56746ms] [LOG] [Fast Refresh] rebuilding @ http://localhost:3001/_next/static/chunks/c2a0a_next_dist_28e8fb8c._.js:2297
[   57236ms] [LOG] [Fast Refresh] done in 597ms @ http://localhost:3001/_next/static/chunks/c2a0a_next_dist_28e8fb8c._.js:2297
[   64339ms] [ERROR] Failed to load resource: the server responded with a status of 400 () @ https://rjvmygudsemlnkpfdfzd.supabase.co/rest/v1/treatments?select=id&status=eq.pending_approval:0
[   64343ms] [ERROR] Failed to load resource: the server responded with a status of 400 () @ https://rjvmygudsemlnkpfdfzd.supabase.co/rest/v1/stock_levels?select=current_quantity%2Cavg_unit_price_dzd%2Ctotal_value_dzd:0
[  124261ms] [ERROR] Failed to load resource: the server responded with a status of 400 () @ https://rjvmygudsemlnkpfdfzd.supabase.co/rest/v1/treatments?select=id&status=eq.pending_approval:0
[  124262ms] [ERROR] Failed to load resource: the server responded with a status of 400 () @ https://rjvmygudsemlnkpfdfzd.supabase.co/rest/v1/stock_levels?select=current_quantity%2Cavg_unit_price_dzd%2Ctotal_value_dzd:0
[  183202ms] [LOG] [Fast Refresh] rebuilding @ http://localhost:3001/_next/static/chunks/c2a0a_next_dist_28e8fb8c._.js:2297
[  184187ms] [ERROR] Failed to load resource: the server responded with a status of 400 () @ https://rjvmygudsemlnkpfdfzd.supabase.co/rest/v1/treatments?select=id&status=eq.pending_approval:0
[  184193ms] [ERROR] Failed to load resource: the server responded with a status of 400 () @ https://rjvmygudsemlnkpfdfzd.supabase.co/rest/v1/stock_levels?select=current_quantity%2Cavg_unit_price_dzd%2Ctotal_value_dzd:0
[  185088ms] [LOG] [Fast Refresh] done in 1859ms @ http://localhost:3001/_next/static/chunks/c2a0a_next_dist_28e8fb8c._.js:2297
[  185325ms] [ERROR] Failed to load resource: the server responded with a status of 400 () @ https://rjvmygudsemlnkpfdfzd.supabase.co/rest/v1/treatments?select=id&status=eq.pending_approval:0
[  185326ms] [ERROR] Failed to load resource: the server responded with a status of 400 () @ https://rjvmygudsemlnkpfdfzd.supabase.co/rest/v1/stock_levels?select=current_quantity%2Cavg_unit_price_dzd%2Ctotal_value_dzd:0
[  200510ms] [LOG] [Fast Refresh] rebuilding @ http://localhost:3001/_next/static/chunks/c2a0a_next_dist_28e8fb8c._.js:2297
[  203489ms] [LOG] [Fast Refresh] done in 3084ms @ http://localhost:3001/_next/static/chunks/c2a0a_next_dist_28e8fb8c._.js:2297
