[     144ms] [LOG] [Fast Refresh] rebuilding @ http://localhost:3001/_next/static/chunks/db5fa_next_dist_26dfd560._.js:2297
[    5188ms] [LOG] [Fast Refresh] done in 5150ms @ http://localhost:3001/_next/static/chunks/db5fa_next_dist_26dfd560._.js:2297
[    6329ms] [INFO] %cDownload the React DevTools for a better development experience: https://react.dev/link/react-devtools font-weight:bold @ http://localhost:3001/_next/static/chunks/db5fa_next_dist_26dfd560._.js:2297
[    6391ms] [LOG] [HMR] connected @ http://localhost:3001/_next/static/chunks/db5fa_next_dist_26dfd560._.js:2297
[    7062ms] [LOG] [Fast Refresh] rebuilding @ http://localhost:3001/_next/static/chunks/db5fa_next_dist_26dfd560._.js:2297
[    7257ms] [LOG] [Fast Refresh] done in 297ms @ http://localhost:3001/_next/static/chunks/db5fa_next_dist_26dfd560._.js:2297
[    7771ms] [LOG] [Fast Refresh] rebuilding @ http://localhost:3001/_next/static/chunks/db5fa_next_dist_26dfd560._.js:2297
[    8379ms] [LOG] [Fast Refresh] done in 707ms @ http://localhost:3001/_next/static/chunks/db5fa_next_dist_26dfd560._.js:2297
[   12107ms] [LOG] [Fast Refresh] rebuilding @ http://localhost:3001/_next/static/chunks/db5fa_next_dist_26dfd560._.js:2297
[   12276ms] [LOG] [Fast Refresh] done in 281ms @ http://localhost:3001/_next/static/chunks/db5fa_next_dist_26dfd560._.js:2297
[  224222ms] [LOG] [Fast Refresh] rebuilding @ http://localhost:3001/_next/static/chunks/db5fa_next_dist_26dfd560._.js:2297
[  225623ms] [LOG] [Fast Refresh] done in 1506ms @ http://localhost:3001/_next/static/chunks/db5fa_next_dist_26dfd560._.js:2297
[  236141ms] [LOG] [Fast Refresh] rebuilding @ http://localhost:3001/_next/static/chunks/db5fa_next_dist_26dfd560._.js:2297
[  247424ms] [LOG] [Fast Refresh] done in 11392ms @ http://localhost:3001/_next/static/chunks/db5fa_next_dist_26dfd560._.js:2297
[  247673ms] [LOG] [Fast Refresh] rebuilding @ http://localhost:3001/_next/static/chunks/db5fa_next_dist_26dfd560._.js:2297
[  247702ms] [LOG] [Fast Refresh] done in 136ms @ http://localhost:3001/_next/static/chunks/db5fa_next_dist_26dfd560._.js:2297
[  247805ms] [LOG] [Fast Refresh] rebuilding @ http://localhost:3001/_next/static/chunks/db5fa_next_dist_26dfd560._.js:2297
[  247969ms] [LOG] [Fast Refresh] done in 264ms @ http://localhost:3001/_next/static/chunks/db5fa_next_dist_26dfd560._.js:2297
[  248767ms] [INFO] %cDownload the React DevTools for a better development experience: https://react.dev/link/react-devtools font-weight:bold @ http://localhost:3001/_next/static/chunks/db5fa_next_dist_26dfd560._.js:2297
[  248928ms] [LOG] [HMR] connected @ http://localhost:3001/_next/static/chunks/db5fa_next_dist_26dfd560._.js:2297
[  249281ms] [LOG] [Fast Refresh] rebuilding @ http://localhost:3001/_next/static/chunks/db5fa_next_dist_26dfd560._.js:2297
[  249382ms] [LOG] [Fast Refresh] done in 238ms @ http://localhost:3001/_next/static/chunks/db5fa_next_dist_26dfd560._.js:2297
[  283899ms] [LOG] [Fast Refresh] rebuilding @ http://localhost:3001/_next/static/chunks/db5fa_next_dist_26dfd560._.js:2297
[  284683ms] [LOG] [Fast Refresh] done in 886ms @ http://localhost:3001/_next/static/chunks/db5fa_next_dist_26dfd560._.js:2297
[  294851ms] [LOG] [Fast Refresh] rebuilding @ http://localhost:3001/_next/static/chunks/db5fa_next_dist_26dfd560._.js:2297
[  296551ms] [LOG] [Fast Refresh] done in 1810ms @ http://localhost:3001/_next/static/chunks/db5fa_next_dist_26dfd560._.js:2297
[  305579ms] [LOG] [Fast Refresh] rebuilding @ http://localhost:3001/_next/static/chunks/db5fa_next_dist_26dfd560._.js:2297
[  306483ms] [LOG] [Fast Refresh] done in 1017ms @ http://localhost:3001/_next/static/chunks/db5fa_next_dist_26dfd560._.js:2297
